GAS LISTING C:\Users\Kalle\AppData\Local\Temp\cc8TcosG.s 			page 1


   1              		.file	"close.c"
   2              		.option nopic
   3              		.attribute arch, "rv32i2p0_m2p0_a2p0_c2p0"
   4              		.attribute unaligned_access, 0
   5              		.attribute stack_align, 16
   6              		.text
   7              	.Ltext0:
   8              		.cfi_sections	.debug_frame
   9              		.section	.text._close,"ax",@progbits
  10              		.align	1
  11              		.globl	_close
  13              	_close:
  14              	.LFB1:
  15              		.file 1 "../../firmware/RISCV/stubs/close.c"
   1:../../firmware/RISCV/stubs/close.c **** /* See LICENSE of license details. */
   2:../../firmware/RISCV/stubs/close.c **** 
   3:../../firmware/RISCV/stubs/close.c **** #include <errno.h>
   4:../../firmware/RISCV/stubs/close.c **** #include "stub.h"
   5:../../firmware/RISCV/stubs/close.c **** 
   6:../../firmware/RISCV/stubs/close.c **** int _close(int fd)
   7:../../firmware/RISCV/stubs/close.c **** {
  16              		.loc 1 7 1
  17              		.cfi_startproc
  18              	.LVL0:
   8:../../firmware/RISCV/stubs/close.c ****   return _stub(EBADF);
  19              		.loc 1 8 3
  20              		.file 2 "../../firmware/RISCV/stubs/stub.h"
   1:../../firmware/RISCV/stubs/stub.h **** /* See LICENSE of license details. */
   2:../../firmware/RISCV/stubs/stub.h **** #ifndef _NUCLEI_SYS_STUB_H
   3:../../firmware/RISCV/stubs/stub.h **** #define _NUCLEI_SYS_STUB_H
   4:../../firmware/RISCV/stubs/stub.h **** 
   5:../../firmware/RISCV/stubs/stub.h **** #include <stdint.h>
   6:../../firmware/RISCV/stubs/stub.h **** #if   defined (__GNUC__)
   7:../../firmware/RISCV/stubs/stub.h **** #include <unistd.h>
   8:../../firmware/RISCV/stubs/stub.h **** #endif
   9:../../firmware/RISCV/stubs/stub.h **** 
  10:../../firmware/RISCV/stubs/stub.h **** void write_hex(int fd, unsigned long int hex);
  11:../../firmware/RISCV/stubs/stub.h **** 
  12:../../firmware/RISCV/stubs/stub.h **** static inline int _stub(int err)
  13:../../firmware/RISCV/stubs/stub.h **** {
  14:../../firmware/RISCV/stubs/stub.h ****   return -1;
  21              		.loc 2 14 3
   9:../../firmware/RISCV/stubs/close.c **** }
  22              		.loc 1 9 1 is_stmt 0
  23 0000 7D55     		li	a0,-1
  24              	.LVL1:
  25 0002 8280     		ret
  26              		.cfi_endproc
  27              	.LFE1:
  29              		.text
  30              	.Letext0:
  31              		.file 3 "c:\\idrotttek-kurs\\toolchain-gd32v-win\\compiler\\lib\\gcc\\riscv64-unknown-elf\\8.3.0\\
  32              		.file 4 "c:\\idrotttek-kurs\\toolchain-gd32v-win\\compiler\\riscv64-unknown-elf\\include\\sys\\_ty
  33              		.file 5 "c:\\idrotttek-kurs\\toolchain-gd32v-win\\compiler\\riscv64-unknown-elf\\include\\sys\\ree
  34              		.file 6 "c:\\idrotttek-kurs\\toolchain-gd32v-win\\compiler\\riscv64-unknown-elf\\include\\sys\\loc
  35              		.file 7 "c:\\idrotttek-kurs\\toolchain-gd32v-win\\compiler\\riscv64-unknown-elf\\include\\sys\\err
  36              		.file 8 "c:\\idrotttek-kurs\\toolchain-gd32v-win\\compiler\\riscv64-unknown-elf\\include\\sys\\uni
GAS LISTING C:\Users\Kalle\AppData\Local\Temp\cc8TcosG.s 			page 2


GAS LISTING C:\Users\Kalle\AppData\Local\Temp\cc8TcosG.s 			page 3


DEFINED SYMBOLS
                            *ABS*:0000000000000000 close.c
C:\Users\Kalle\AppData\Local\Temp\cc8TcosG.s:13     .text._close:0000000000000000 _close
C:\Users\Kalle\AppData\Local\Temp\cc8TcosG.s:17     .text._close:0000000000000000 .L0 
C:\Users\Kalle\AppData\Local\Temp\cc8TcosG.s:19     .text._close:0000000000000000 .L0 
C:\Users\Kalle\AppData\Local\Temp\cc8TcosG.s:21     .text._close:0000000000000000 .L0 
C:\Users\Kalle\AppData\Local\Temp\cc8TcosG.s:22     .text._close:0000000000000000 .L0 
C:\Users\Kalle\AppData\Local\Temp\cc8TcosG.s:23     .text._close:0000000000000000 .L0 
C:\Users\Kalle\AppData\Local\Temp\cc8TcosG.s:26     .text._close:0000000000000004 .L0 
C:\Users\Kalle\AppData\Local\Temp\cc8TcosG.s:29     .text._close:0000000000000004 .L0 
                     .debug_frame:0000000000000000 .L0 
C:\Users\Kalle\AppData\Local\Temp\cc8TcosG.s:1540   .debug_abbrev:0000000000000000 .Ldebug_abbrev0
C:\Users\Kalle\AppData\Local\Temp\cc8TcosG.s:2208   .debug_str:00000000000002dd .LASF128
C:\Users\Kalle\AppData\Local\Temp\cc8TcosG.s:2288   .debug_str:00000000000004b4 .LASF129
C:\Users\Kalle\AppData\Local\Temp\cc8TcosG.s:2122   .debug_str:0000000000000114 .LASF130
C:\Users\Kalle\AppData\Local\Temp\cc8TcosG.s:2060   .debug_ranges:0000000000000000 .Ldebug_ranges0
C:\Users\Kalle\AppData\Local\Temp\cc8TcosG.s:2066   .debug_line:0000000000000000 .Ldebug_line0
C:\Users\Kalle\AppData\Local\Temp\cc8TcosG.s:2158   .debug_str:00000000000001f6 .LASF0
C:\Users\Kalle\AppData\Local\Temp\cc8TcosG.s:2096   .debug_str:00000000000000a2 .LASF1
C:\Users\Kalle\AppData\Local\Temp\cc8TcosG.s:2202   .debug_str:00000000000002c3 .LASF2
C:\Users\Kalle\AppData\Local\Temp\cc8TcosG.s:2186   .debug_str:0000000000000284 .LASF10
C:\Users\Kalle\AppData\Local\Temp\cc8TcosG.s:2098   .debug_str:00000000000000b0 .LASF3
C:\Users\Kalle\AppData\Local\Temp\cc8TcosG.s:2222   .debug_str:0000000000000396 .LASF4
C:\Users\Kalle\AppData\Local\Temp\cc8TcosG.s:2228   .debug_str:00000000000003b2 .LASF5
C:\Users\Kalle\AppData\Local\Temp\cc8TcosG.s:2172   .debug_str:0000000000000239 .LASF6
C:\Users\Kalle\AppData\Local\Temp\cc8TcosG.s:2114   .debug_str:00000000000000f5 .LASF7
C:\Users\Kalle\AppData\Local\Temp\cc8TcosG.s:2166   .debug_str:000000000000021a .LASF8
C:\Users\Kalle\AppData\Local\Temp\cc8TcosG.s:2082   .debug_str:000000000000004b .LASF9
C:\Users\Kalle\AppData\Local\Temp\cc8TcosG.s:2216   .debug_str:0000000000000373 .LASF11
C:\Users\Kalle\AppData\Local\Temp\cc8TcosG.s:2274   .debug_str:0000000000000484 .LASF12
C:\Users\Kalle\AppData\Local\Temp\cc8TcosG.s:2308   .debug_str:000000000000052f .LASF13
C:\Users\Kalle\AppData\Local\Temp\cc8TcosG.s:2182   .debug_str:0000000000000276 .LASF14
C:\Users\Kalle\AppData\Local\Temp\cc8TcosG.s:2160   .debug_str:0000000000000203 .LASF15
C:\Users\Kalle\AppData\Local\Temp\cc8TcosG.s:2266   .debug_str:0000000000000462 .LASF16
C:\Users\Kalle\AppData\Local\Temp\cc8TcosG.s:2268   .debug_str:000000000000046a .LASF17
C:\Users\Kalle\AppData\Local\Temp\cc8TcosG.s:2238   .debug_str:00000000000003da .LASF18
C:\Users\Kalle\AppData\Local\Temp\cc8TcosG.s:2294   .debug_str:00000000000004e5 .LASF19
C:\Users\Kalle\AppData\Local\Temp\cc8TcosG.s:2220   .debug_str:0000000000000384 .LASF20
C:\Users\Kalle\AppData\Local\Temp\cc8TcosG.s:2144   .debug_str:00000000000001b9 .LASF21
C:\Users\Kalle\AppData\Local\Temp\cc8TcosG.s:2148   .debug_str:00000000000001ca .LASF26
C:\Users\Kalle\AppData\Local\Temp\cc8TcosG.s:2286   .debug_str:00000000000004ae .LASF22
C:\Users\Kalle\AppData\Local\Temp\cc8TcosG.s:2260   .debug_str:000000000000044d .LASF23
C:\Users\Kalle\AppData\Local\Temp\cc8TcosG.s:2142   .debug_str:00000000000001b3 .LASF24
C:\Users\Kalle\AppData\Local\Temp\cc8TcosG.s:2302   .debug_str:000000000000051a .LASF25
C:\Users\Kalle\AppData\Local\Temp\cc8TcosG.s:2156   .debug_str:00000000000001f1 .LASF27
C:\Users\Kalle\AppData\Local\Temp\cc8TcosG.s:2094   .debug_str:0000000000000099 .LASF28
C:\Users\Kalle\AppData\Local\Temp\cc8TcosG.s:2280   .debug_str:0000000000000498 .LASF29
C:\Users\Kalle\AppData\Local\Temp\cc8TcosG.s:2104   .debug_str:00000000000000c8 .LASF30
C:\Users\Kalle\AppData\Local\Temp\cc8TcosG.s:2332   .debug_str:000000000000059a .LASF31
C:\Users\Kalle\AppData\Local\Temp\cc8TcosG.s:2210   .debug_str:0000000000000357 .LASF32
C:\Users\Kalle\AppData\Local\Temp\cc8TcosG.s:2196   .debug_str:00000000000002a9 .LASF33
C:\Users\Kalle\AppData\Local\Temp\cc8TcosG.s:2304   .debug_str:000000000000051f .LASF34
C:\Users\Kalle\AppData\Local\Temp\cc8TcosG.s:2230   .debug_str:00000000000003bc .LASF35
C:\Users\Kalle\AppData\Local\Temp\cc8TcosG.s:2318   .debug_str:000000000000055a .LASF36
C:\Users\Kalle\AppData\Local\Temp\cc8TcosG.s:2108   .debug_str:00000000000000d7 .LASF37
C:\Users\Kalle\AppData\Local\Temp\cc8TcosG.s:2138   .debug_str:00000000000001a6 .LASF38
C:\Users\Kalle\AppData\Local\Temp\cc8TcosG.s:2068   .debug_str:0000000000000000 .LASF39
GAS LISTING C:\Users\Kalle\AppData\Local\Temp\cc8TcosG.s 			page 4


C:\Users\Kalle\AppData\Local\Temp\cc8TcosG.s:2290   .debug_str:00000000000004d7 .LASF40
C:\Users\Kalle\AppData\Local\Temp\cc8TcosG.s:2118   .debug_str:0000000000000105 .LASF41
C:\Users\Kalle\AppData\Local\Temp\cc8TcosG.s:2212   .debug_str:0000000000000360 .LASF42
C:\Users\Kalle\AppData\Local\Temp\cc8TcosG.s:2252   .debug_str:000000000000041d .LASF43
C:\Users\Kalle\AppData\Local\Temp\cc8TcosG.s:2140   .debug_str:00000000000001ae .LASF44
C:\Users\Kalle\AppData\Local\Temp\cc8TcosG.s:2232   .debug_str:00000000000003c6 .LASF45
C:\Users\Kalle\AppData\Local\Temp\cc8TcosG.s:2102   .debug_str:00000000000000c2 .LASF46
C:\Users\Kalle\AppData\Local\Temp\cc8TcosG.s:2070   .debug_str:000000000000000c .LASF47
C:\Users\Kalle\AppData\Local\Temp\cc8TcosG.s:2240   .debug_str:00000000000003e5 .LASF48
C:\Users\Kalle\AppData\Local\Temp\cc8TcosG.s:2116   .debug_str:00000000000000fe .LASF49
C:\Users\Kalle\AppData\Local\Temp\cc8TcosG.s:2168   .debug_str:000000000000022c .LASF50
C:\Users\Kalle\AppData\Local\Temp\cc8TcosG.s:2084   .debug_str:0000000000000062 .LASF51
C:\Users\Kalle\AppData\Local\Temp\cc8TcosG.s:2110   .debug_str:00000000000000e5 .LASF52
C:\Users\Kalle\AppData\Local\Temp\cc8TcosG.s:2152   .debug_str:00000000000001e1 .LASF53
C:\Users\Kalle\AppData\Local\Temp\cc8TcosG.s:2194   .debug_str:00000000000002a2 .LASF54
C:\Users\Kalle\AppData\Local\Temp\cc8TcosG.s:2270   .debug_str:0000000000000472 .LASF55
C:\Users\Kalle\AppData\Local\Temp\cc8TcosG.s:2322   .debug_str:0000000000000574 .LASF56
C:\Users\Kalle\AppData\Local\Temp\cc8TcosG.s:2100   .debug_str:00000000000000bc .LASF57
C:\Users\Kalle\AppData\Local\Temp\cc8TcosG.s:2314   .debug_str:000000000000054c .LASF58
C:\Users\Kalle\AppData\Local\Temp\cc8TcosG.s:2124   .debug_str:0000000000000154 .LASF59
C:\Users\Kalle\AppData\Local\Temp\cc8TcosG.s:2130   .debug_str:0000000000000172 .LASF60
C:\Users\Kalle\AppData\Local\Temp\cc8TcosG.s:2076   .debug_str:0000000000000025 .LASF61
C:\Users\Kalle\AppData\Local\Temp\cc8TcosG.s:2188   .debug_str:000000000000028b .LASF62
C:\Users\Kalle\AppData\Local\Temp\cc8TcosG.s:2244   .debug_str:00000000000003f7 .LASF63
C:\Users\Kalle\AppData\Local\Temp\cc8TcosG.s:2190   .debug_str:0000000000000291 .LASF64
C:\Users\Kalle\AppData\Local\Temp\cc8TcosG.s:2262   .debug_str:0000000000000455 .LASF65
C:\Users\Kalle\AppData\Local\Temp\cc8TcosG.s:2276   .debug_str:000000000000048c .LASF66
C:\Users\Kalle\AppData\Local\Temp\cc8TcosG.s:2120   .debug_str:000000000000010d .LASF67
C:\Users\Kalle\AppData\Local\Temp\cc8TcosG.s:2162   .debug_str:000000000000020a .LASF68
C:\Users\Kalle\AppData\Local\Temp\cc8TcosG.s:2146   .debug_str:00000000000001c2 .LASF69
C:\Users\Kalle\AppData\Local\Temp\cc8TcosG.s:2250   .debug_str:0000000000000418 .LASF70
C:\Users\Kalle\AppData\Local\Temp\cc8TcosG.s:2074   .debug_str:000000000000001a .LASF71
C:\Users\Kalle\AppData\Local\Temp\cc8TcosG.s:2258   .debug_str:0000000000000434 .LASF72
C:\Users\Kalle\AppData\Local\Temp\cc8TcosG.s:2254   .debug_str:0000000000000422 .LASF73
C:\Users\Kalle\AppData\Local\Temp\cc8TcosG.s:2214   .debug_str:0000000000000368 .LASF74
C:\Users\Kalle\AppData\Local\Temp\cc8TcosG.s:2256   .debug_str:000000000000042a .LASF75
C:\Users\Kalle\AppData\Local\Temp\cc8TcosG.s:2180   .debug_str:000000000000026e .LASF76
C:\Users\Kalle\AppData\Local\Temp\cc8TcosG.s:2154   .debug_str:00000000000001e7 .LASF77
C:\Users\Kalle\AppData\Local\Temp\cc8TcosG.s:2330   .debug_str:0000000000000595 .LASF78
C:\Users\Kalle\AppData\Local\Temp\cc8TcosG.s:2218   .debug_str:000000000000037a .LASF79
C:\Users\Kalle\AppData\Local\Temp\cc8TcosG.s:2164   .debug_str:0000000000000212 .LASF80
C:\Users\Kalle\AppData\Local\Temp\cc8TcosG.s:2128   .debug_str:000000000000016a .LASF81
C:\Users\Kalle\AppData\Local\Temp\cc8TcosG.s:2224   .debug_str:00000000000003a4 .LASF82
C:\Users\Kalle\AppData\Local\Temp\cc8TcosG.s:2174   .debug_str:000000000000024c .LASF83
C:\Users\Kalle\AppData\Local\Temp\cc8TcosG.s:2312   .debug_str:0000000000000542 .LASF84
C:\Users\Kalle\AppData\Local\Temp\cc8TcosG.s:2112   .debug_str:00000000000000ed .LASF85
C:\Users\Kalle\AppData\Local\Temp\cc8TcosG.s:2106   .debug_str:00000000000000d2 .LASF86
C:\Users\Kalle\AppData\Local\Temp\cc8TcosG.s:2278   .debug_str:0000000000000493 .LASF87
C:\Users\Kalle\AppData\Local\Temp\cc8TcosG.s:2236   .debug_str:00000000000003d3 .LASF88
C:\Users\Kalle\AppData\Local\Temp\cc8TcosG.s:2306   .debug_str:0000000000000529 .LASF89
C:\Users\Kalle\AppData\Local\Temp\cc8TcosG.s:2170   .debug_str:0000000000000232 .LASF90
C:\Users\Kalle\AppData\Local\Temp\cc8TcosG.s:2234   .debug_str:00000000000003cd .LASF91
C:\Users\Kalle\AppData\Local\Temp\cc8TcosG.s:2072   .debug_str:0000000000000012 .LASF92
C:\Users\Kalle\AppData\Local\Temp\cc8TcosG.s:2264   .debug_str:000000000000045c .LASF93
C:\Users\Kalle\AppData\Local\Temp\cc8TcosG.s:2284   .debug_str:00000000000004a8 .LASF94
C:\Users\Kalle\AppData\Local\Temp\cc8TcosG.s:2292   .debug_str:00000000000004e0 .LASF95
C:\Users\Kalle\AppData\Local\Temp\cc8TcosG.s:2300   .debug_str:000000000000050d .LASF96
GAS LISTING C:\Users\Kalle\AppData\Local\Temp\cc8TcosG.s 			page 5


C:\Users\Kalle\AppData\Local\Temp\cc8TcosG.s:2134   .debug_str:000000000000018b .LASF97
C:\Users\Kalle\AppData\Local\Temp\cc8TcosG.s:2178   .debug_str:0000000000000261 .LASF98
C:\Users\Kalle\AppData\Local\Temp\cc8TcosG.s:2320   .debug_str:0000000000000565 .LASF99
C:\Users\Kalle\AppData\Local\Temp\cc8TcosG.s:2150   .debug_str:00000000000001d2 .LASF100
C:\Users\Kalle\AppData\Local\Temp\cc8TcosG.s:2246   .debug_str:0000000000000400 .LASF101
C:\Users\Kalle\AppData\Local\Temp\cc8TcosG.s:2324   .debug_str:000000000000057b .LASF102
C:\Users\Kalle\AppData\Local\Temp\cc8TcosG.s:2248   .debug_str:000000000000040b .LASF103
C:\Users\Kalle\AppData\Local\Temp\cc8TcosG.s:2328   .debug_str:0000000000000587 .LASF104
C:\Users\Kalle\AppData\Local\Temp\cc8TcosG.s:2092   .debug_str:000000000000008b .LASF105
C:\Users\Kalle\AppData\Local\Temp\cc8TcosG.s:2310   .debug_str:0000000000000538 .LASF106
C:\Users\Kalle\AppData\Local\Temp\cc8TcosG.s:2176   .debug_str:0000000000000255 .LASF107
C:\Users\Kalle\AppData\Local\Temp\cc8TcosG.s:2296   .debug_str:00000000000004ed .LASF108
C:\Users\Kalle\AppData\Local\Temp\cc8TcosG.s:2136   .debug_str:0000000000000198 .LASF109
C:\Users\Kalle\AppData\Local\Temp\cc8TcosG.s:2090   .debug_str:000000000000007c .LASF110
C:\Users\Kalle\AppData\Local\Temp\cc8TcosG.s:2132   .debug_str:000000000000017a .LASF111
C:\Users\Kalle\AppData\Local\Temp\cc8TcosG.s:2078   .debug_str:000000000000002b .LASF112
C:\Users\Kalle\AppData\Local\Temp\cc8TcosG.s:2080   .debug_str:000000000000003a .LASF113
C:\Users\Kalle\AppData\Local\Temp\cc8TcosG.s:2226   .debug_str:00000000000003a9 .LASF114
C:\Users\Kalle\AppData\Local\Temp\cc8TcosG.s:2206   .debug_str:00000000000002d6 .LASF115
C:\Users\Kalle\AppData\Local\Temp\cc8TcosG.s:2198   .debug_str:00000000000002b3 .LASF116
C:\Users\Kalle\AppData\Local\Temp\cc8TcosG.s:2316   .debug_str:0000000000000552 .LASF117
C:\Users\Kalle\AppData\Local\Temp\cc8TcosG.s:2086   .debug_str:000000000000006b .LASF131
C:\Users\Kalle\AppData\Local\Temp\cc8TcosG.s:2272   .debug_str:0000000000000478 .LASF118
C:\Users\Kalle\AppData\Local\Temp\cc8TcosG.s:2298   .debug_str:00000000000004fa .LASF119
C:\Users\Kalle\AppData\Local\Temp\cc8TcosG.s:2126   .debug_str:000000000000015d .LASF120
C:\Users\Kalle\AppData\Local\Temp\cc8TcosG.s:2242   .debug_str:00000000000003ed .LASF121
C:\Users\Kalle\AppData\Local\Temp\cc8TcosG.s:2184   .debug_str:000000000000027c .LASF122
C:\Users\Kalle\AppData\Local\Temp\cc8TcosG.s:2200   .debug_str:00000000000002bc .LASF123
C:\Users\Kalle\AppData\Local\Temp\cc8TcosG.s:2204   .debug_str:00000000000002cf .LASF124
C:\Users\Kalle\AppData\Local\Temp\cc8TcosG.s:2282   .debug_str:00000000000004a1 .LASF125
C:\Users\Kalle\AppData\Local\Temp\cc8TcosG.s:2326   .debug_str:0000000000000580 .LASF126
C:\Users\Kalle\AppData\Local\Temp\cc8TcosG.s:2192   .debug_str:0000000000000299 .LASF127
C:\Users\Kalle\AppData\Local\Temp\cc8TcosG.s:14     .text._close:0000000000000000 .LFB1
C:\Users\Kalle\AppData\Local\Temp\cc8TcosG.s:27     .text._close:0000000000000004 .LFE1
C:\Users\Kalle\AppData\Local\Temp\cc8TcosG.s:2033   .debug_loc:0000000000000000 .LLST0
C:\Users\Kalle\AppData\Local\Temp\cc8TcosG.s:2088   .debug_str:0000000000000076 .LASF132
C:\Users\Kalle\AppData\Local\Temp\cc8TcosG.s:18     .text._close:0000000000000000 .LVL0
C:\Users\Kalle\AppData\Local\Temp\cc8TcosG.s:24     .text._close:0000000000000002 .LVL1
C:\Users\Kalle\AppData\Local\Temp\cc8TcosG.s:38     .debug_info:0000000000000000 .Ldebug_info0

NO UNDEFINED SYMBOLS
