GAS LISTING C:\Users\Kalle\AppData\Local\Temp\ccVzHGqO.s 			page 1


   1              		.file	"ffunicode.c"
   2              		.option nopic
   3              		.attribute arch, "rv32i2p0_m2p0_a2p0_c2p0"
   4              		.attribute unaligned_access, 0
   5              		.attribute stack_align, 16
   6              		.text
   7              	.Ltext0:
   8              		.cfi_sections	.debug_frame
   9              	.Letext0:
GAS LISTING C:\Users\Kalle\AppData\Local\Temp\ccVzHGqO.s 			page 2


DEFINED SYMBOLS
                            *ABS*:0000000000000000 ffunicode.c
C:\Users\Kalle\AppData\Local\Temp\ccVzHGqO.s:68     .debug_abbrev:0000000000000000 .Ldebug_abbrev0
C:\Users\Kalle\AppData\Local\Temp\ccVzHGqO.s:138    .debug_str:00000000000000b6 .LASF10
C:\Users\Kalle\AppData\Local\Temp\ccVzHGqO.s:140    .debug_str:0000000000000130 .LASF11
C:\Users\Kalle\AppData\Local\Temp\ccVzHGqO.s:124    .debug_str:000000000000001f .LASF12
C:\Users\Kalle\AppData\Local\Temp\ccVzHGqO.s:118    .debug_line:0000000000000000 .Ldebug_line0
C:\Users\Kalle\AppData\Local\Temp\ccVzHGqO.s:126    .debug_str:000000000000005f .LASF0
C:\Users\Kalle\AppData\Local\Temp\ccVzHGqO.s:134    .debug_str:000000000000009f .LASF1
C:\Users\Kalle\AppData\Local\Temp\ccVzHGqO.s:130    .debug_str:000000000000007e .LASF2
C:\Users\Kalle\AppData\Local\Temp\ccVzHGqO.s:128    .debug_str:000000000000006b .LASF3
C:\Users\Kalle\AppData\Local\Temp\ccVzHGqO.s:136    .debug_str:00000000000000ad .LASF4
C:\Users\Kalle\AppData\Local\Temp\ccVzHGqO.s:122    .debug_str:000000000000000d .LASF5
C:\Users\Kalle\AppData\Local\Temp\ccVzHGqO.s:144    .debug_str:000000000000014f .LASF6
C:\Users\Kalle\AppData\Local\Temp\ccVzHGqO.s:132    .debug_str:0000000000000088 .LASF7
C:\Users\Kalle\AppData\Local\Temp\ccVzHGqO.s:120    .debug_str:0000000000000000 .LASF8
C:\Users\Kalle\AppData\Local\Temp\ccVzHGqO.s:142    .debug_str:000000000000014a .LASF9
C:\Users\Kalle\AppData\Local\Temp\ccVzHGqO.s:11     .debug_info:0000000000000000 .Ldebug_info0

NO UNDEFINED SYMBOLS
