GAS LISTING C:\Users\Kalle\AppData\Local\Temp\ccftJAkr.s 			page 1


   1              		.file	"fstat.c"
   2              		.option nopic
   3              		.attribute arch, "rv32i2p0_m2p0_a2p0_c2p0"
   4              		.attribute unaligned_access, 0
   5              		.attribute stack_align, 16
   6              		.text
   7              	.Ltext0:
   8              		.cfi_sections	.debug_frame
   9              		.section	.text._fstat,"ax",@progbits
  10              		.align	1
  11              		.globl	_fstat
  13              	_fstat:
  14              	.LFB1:
  15              		.file 1 "../../firmware/RISCV/stubs/fstat.c"
   1:../../firmware/RISCV/stubs/fstat.c **** /* See LICENSE of license details. */
   2:../../firmware/RISCV/stubs/fstat.c **** 
   3:../../firmware/RISCV/stubs/fstat.c **** #include <errno.h>
   4:../../firmware/RISCV/stubs/fstat.c **** #include <unistd.h>
   5:../../firmware/RISCV/stubs/fstat.c **** #include <sys/stat.h>
   6:../../firmware/RISCV/stubs/fstat.c **** #include "stub.h"
   7:../../firmware/RISCV/stubs/fstat.c **** 
   8:../../firmware/RISCV/stubs/fstat.c **** int _fstat(int fd, struct stat* st)
   9:../../firmware/RISCV/stubs/fstat.c **** {
  16              		.loc 1 9 1
  17              		.cfi_startproc
  18              	.LVL0:
  10:../../firmware/RISCV/stubs/fstat.c ****   if (isatty(fd)) {
  19              		.loc 1 10 3
   9:../../firmware/RISCV/stubs/fstat.c ****   if (isatty(fd)) {
  20              		.loc 1 9 1 is_stmt 0
  21 0000 4111     		addi	sp,sp,-16
  22              	.LCFI0:
  23              		.cfi_def_cfa_offset 16
  24 0002 22C4     		sw	s0,8(sp)
  25 0004 06C6     		sw	ra,12(sp)
  26              		.cfi_offset 8, -8
  27              		.cfi_offset 1, -4
   9:../../firmware/RISCV/stubs/fstat.c ****   if (isatty(fd)) {
  28              		.loc 1 9 1
  29 0006 2E84     		mv	s0,a1
  30              		.loc 1 10 7
  31 0008 97000000 		call	isatty
  31      E7800000 
  32              	.LVL1:
  33              		.loc 1 10 6
  34 0010 01C9     		beq	a0,zero,.L3
  11:../../firmware/RISCV/stubs/fstat.c ****     st->st_mode = S_IFCHR;
  35              		.loc 1 11 5 is_stmt 1
  36              		.loc 1 11 17 is_stmt 0
  37 0012 8967     		li	a5,8192
  38 0014 5CC0     		sw	a5,4(s0)
  12:../../firmware/RISCV/stubs/fstat.c ****     return 0;
  39              		.loc 1 12 5 is_stmt 1
  40              		.loc 1 12 12 is_stmt 0
  41 0016 0145     		li	a0,0
  42              	.L1:
  13:../../firmware/RISCV/stubs/fstat.c ****   }
GAS LISTING C:\Users\Kalle\AppData\Local\Temp\ccftJAkr.s 			page 2


  14:../../firmware/RISCV/stubs/fstat.c **** 
  15:../../firmware/RISCV/stubs/fstat.c ****   return _stub(EBADF);
  16:../../firmware/RISCV/stubs/fstat.c **** }
  43              		.loc 1 16 1
  44 0018 B240     		lw	ra,12(sp)
  45              		.cfi_remember_state
  46              		.cfi_restore 1
  47 001a 2244     		lw	s0,8(sp)
  48              		.cfi_restore 8
  49              	.LVL2:
  50 001c 4101     		addi	sp,sp,16
  51              	.LCFI1:
  52              		.cfi_def_cfa_offset 0
  53 001e 8280     		jr	ra
  54              	.LVL3:
  55              	.L3:
  56              	.LCFI2:
  57              		.cfi_restore_state
  15:../../firmware/RISCV/stubs/fstat.c **** }
  58              		.loc 1 15 10
  59 0020 7D55     		li	a0,-1
  60 0022 DDBF     		j	.L1
  61              		.cfi_endproc
  62              	.LFE1:
  64              		.text
  65              	.Letext0:
  66              		.file 2 "c:\\idrotttek-kurs\\toolchain-gd32v-win\\compiler\\lib\\gcc\\riscv64-unknown-elf\\8.3.0\\
  67              		.file 3 "c:\\idrotttek-kurs\\toolchain-gd32v-win\\compiler\\riscv64-unknown-elf\\include\\machine\
  68              		.file 4 "c:\\idrotttek-kurs\\toolchain-gd32v-win\\compiler\\riscv64-unknown-elf\\include\\sys\\_ty
  69              		.file 5 "c:\\idrotttek-kurs\\toolchain-gd32v-win\\compiler\\riscv64-unknown-elf\\include\\sys\\ree
  70              		.file 6 "c:\\idrotttek-kurs\\toolchain-gd32v-win\\compiler\\riscv64-unknown-elf\\include\\sys\\loc
  71              		.file 7 "c:\\idrotttek-kurs\\toolchain-gd32v-win\\compiler\\riscv64-unknown-elf\\include\\sys\\err
  72              		.file 8 "c:\\idrotttek-kurs\\toolchain-gd32v-win\\compiler\\riscv64-unknown-elf\\include\\sys\\_ti
  73              		.file 9 "c:\\idrotttek-kurs\\toolchain-gd32v-win\\compiler\\riscv64-unknown-elf\\include\\sys\\typ
  74              		.file 10 "c:\\idrotttek-kurs\\toolchain-gd32v-win\\compiler\\riscv64-unknown-elf\\include\\sys\\un
  75              		.file 11 "c:\\idrotttek-kurs\\toolchain-gd32v-win\\compiler\\riscv64-unknown-elf\\include\\time.h"
  76              		.file 12 "c:\\idrotttek-kurs\\toolchain-gd32v-win\\compiler\\riscv64-unknown-elf\\include\\sys\\st
  77              		.file 13 "../../firmware/RISCV/stubs/stub.h"
GAS LISTING C:\Users\Kalle\AppData\Local\Temp\ccftJAkr.s 			page 3


DEFINED SYMBOLS
                            *ABS*:0000000000000000 fstat.c
C:\Users\Kalle\AppData\Local\Temp\ccftJAkr.s:13     .text._fstat:0000000000000000 _fstat
C:\Users\Kalle\AppData\Local\Temp\ccftJAkr.s:17     .text._fstat:0000000000000000 .L0 
C:\Users\Kalle\AppData\Local\Temp\ccftJAkr.s:19     .text._fstat:0000000000000000 .L0 
C:\Users\Kalle\AppData\Local\Temp\ccftJAkr.s:20     .text._fstat:0000000000000000 .L0 
C:\Users\Kalle\AppData\Local\Temp\ccftJAkr.s:21     .text._fstat:0000000000000000 .L0 
C:\Users\Kalle\AppData\Local\Temp\ccftJAkr.s:23     .text._fstat:0000000000000002 .L0 
C:\Users\Kalle\AppData\Local\Temp\ccftJAkr.s:26     .text._fstat:0000000000000006 .L0 
C:\Users\Kalle\AppData\Local\Temp\ccftJAkr.s:27     .text._fstat:0000000000000006 .L0 
C:\Users\Kalle\AppData\Local\Temp\ccftJAkr.s:29     .text._fstat:0000000000000006 .L0 
C:\Users\Kalle\AppData\Local\Temp\ccftJAkr.s:31     .text._fstat:0000000000000008 .L0 
C:\Users\Kalle\AppData\Local\Temp\ccftJAkr.s:34     .text._fstat:0000000000000010 .L0 
C:\Users\Kalle\AppData\Local\Temp\ccftJAkr.s:36     .text._fstat:0000000000000012 .L0 
C:\Users\Kalle\AppData\Local\Temp\ccftJAkr.s:37     .text._fstat:0000000000000012 .L0 
C:\Users\Kalle\AppData\Local\Temp\ccftJAkr.s:40     .text._fstat:0000000000000016 .L0 
C:\Users\Kalle\AppData\Local\Temp\ccftJAkr.s:41     .text._fstat:0000000000000016 .L0 
C:\Users\Kalle\AppData\Local\Temp\ccftJAkr.s:44     .text._fstat:0000000000000018 .L0 
C:\Users\Kalle\AppData\Local\Temp\ccftJAkr.s:45     .text._fstat:000000000000001a .L0 
C:\Users\Kalle\AppData\Local\Temp\ccftJAkr.s:46     .text._fstat:000000000000001a .L0 
C:\Users\Kalle\AppData\Local\Temp\ccftJAkr.s:48     .text._fstat:000000000000001c .L0 
C:\Users\Kalle\AppData\Local\Temp\ccftJAkr.s:52     .text._fstat:000000000000001e .L0 
C:\Users\Kalle\AppData\Local\Temp\ccftJAkr.s:57     .text._fstat:0000000000000020 .L0 
C:\Users\Kalle\AppData\Local\Temp\ccftJAkr.s:59     .text._fstat:0000000000000020 .L0 
C:\Users\Kalle\AppData\Local\Temp\ccftJAkr.s:61     .text._fstat:0000000000000024 .L0 
C:\Users\Kalle\AppData\Local\Temp\ccftJAkr.s:64     .text._fstat:0000000000000024 .L0 
                     .debug_frame:0000000000000000 .L0 
C:\Users\Kalle\AppData\Local\Temp\ccftJAkr.s:55     .text._fstat:0000000000000020 .L3
C:\Users\Kalle\AppData\Local\Temp\ccftJAkr.s:42     .text._fstat:0000000000000018 .L1
C:\Users\Kalle\AppData\Local\Temp\ccftJAkr.s:1934   .debug_abbrev:0000000000000000 .Ldebug_abbrev0
C:\Users\Kalle\AppData\Local\Temp\ccftJAkr.s:2740   .debug_str:00000000000003d9 .LASF170
C:\Users\Kalle\AppData\Local\Temp\ccftJAkr.s:2632   .debug_str:00000000000001d9 .LASF171
C:\Users\Kalle\AppData\Local\Temp\ccftJAkr.s:2628   .debug_str:0000000000000190 .LASF172
C:\Users\Kalle\AppData\Local\Temp\ccftJAkr.s:2538   .debug_ranges:0000000000000000 .Ldebug_ranges0
C:\Users\Kalle\AppData\Local\Temp\ccftJAkr.s:2544   .debug_line:0000000000000000 .Ldebug_line0
C:\Users\Kalle\AppData\Local\Temp\ccftJAkr.s:2678   .debug_str:00000000000002c7 .LASF0
C:\Users\Kalle\AppData\Local\Temp\ccftJAkr.s:2596   .debug_str:0000000000000100 .LASF1
C:\Users\Kalle\AppData\Local\Temp\ccftJAkr.s:2734   .debug_str:00000000000003bf .LASF2
C:\Users\Kalle\AppData\Local\Temp\ccftJAkr.s:2714   .debug_str:0000000000000371 .LASF8
C:\Users\Kalle\AppData\Local\Temp\ccftJAkr.s:2598   .debug_str:000000000000010e .LASF3
C:\Users\Kalle\AppData\Local\Temp\ccftJAkr.s:2762   .debug_str:00000000000004b3 .LASF4
C:\Users\Kalle\AppData\Local\Temp\ccftJAkr.s:2770   .debug_str:00000000000004d6 .LASF5
C:\Users\Kalle\AppData\Local\Temp\ccftJAkr.s:2700   .debug_str:0000000000000326 .LASF6
C:\Users\Kalle\AppData\Local\Temp\ccftJAkr.s:2618   .debug_str:0000000000000167 .LASF7
C:\Users\Kalle\AppData\Local\Temp\ccftJAkr.s:2654   .debug_str:000000000000025d .LASF9
C:\Users\Kalle\AppData\Local\Temp\ccftJAkr.s:2688   .debug_str:00000000000002f4 .LASF10
C:\Users\Kalle\AppData\Local\Temp\ccftJAkr.s:2574   .debug_str:0000000000000082 .LASF11
C:\Users\Kalle\AppData\Local\Temp\ccftJAkr.s:2586   .debug_str:00000000000000cc .LASF12
C:\Users\Kalle\AppData\Local\Temp\ccftJAkr.s:2616   .debug_str:000000000000015c .LASF13
C:\Users\Kalle\AppData\Local\Temp\ccftJAkr.s:2746   .debug_str:0000000000000464 .LASF14
C:\Users\Kalle\AppData\Local\Temp\ccftJAkr.s:2748   .debug_str:0000000000000470 .LASF15
C:\Users\Kalle\AppData\Local\Temp\ccftJAkr.s:2666   .debug_str:0000000000000296 .LASF16
C:\Users\Kalle\AppData\Local\Temp\ccftJAkr.s:2838   .debug_str:0000000000000601 .LASF17
C:\Users\Kalle\AppData\Local\Temp\ccftJAkr.s:2550   .debug_str:0000000000000014 .LASF18
C:\Users\Kalle\AppData\Local\Temp\ccftJAkr.s:2810   .debug_str:0000000000000594 .LASF19
C:\Users\Kalle\AppData\Local\Temp\ccftJAkr.s:2602   .debug_str:0000000000000120 .LASF20
C:\Users\Kalle\AppData\Local\Temp\ccftJAkr.s:2548   .debug_str:000000000000000c .LASF21
GAS LISTING C:\Users\Kalle\AppData\Local\Temp\ccftJAkr.s 			page 4


C:\Users\Kalle\AppData\Local\Temp\ccftJAkr.s:2822   .debug_str:00000000000005c4 .LASF22
C:\Users\Kalle\AppData\Local\Temp\ccftJAkr.s:2864   .debug_str:000000000000067c .LASF23
C:\Users\Kalle\AppData\Local\Temp\ccftJAkr.s:2710   .debug_str:0000000000000363 .LASF24
C:\Users\Kalle\AppData\Local\Temp\ccftJAkr.s:2680   .debug_str:00000000000002d4 .LASF25
C:\Users\Kalle\AppData\Local\Temp\ccftJAkr.s:2814   .debug_str:00000000000005a2 .LASF26
C:\Users\Kalle\AppData\Local\Temp\ccftJAkr.s:2816   .debug_str:00000000000005aa .LASF27
C:\Users\Kalle\AppData\Local\Temp\ccftJAkr.s:2782   .debug_str:0000000000000509 .LASF28
C:\Users\Kalle\AppData\Local\Temp\ccftJAkr.s:2892   .debug_str:00000000000006f9 .LASF29
C:\Users\Kalle\AppData\Local\Temp\ccftJAkr.s:2850   .debug_str:0000000000000632 .LASF30
C:\Users\Kalle\AppData\Local\Temp\ccftJAkr.s:2758   .debug_str:0000000000000498 .LASF31
C:\Users\Kalle\AppData\Local\Temp\ccftJAkr.s:2658   .debug_str:000000000000026e .LASF32
C:\Users\Kalle\AppData\Local\Temp\ccftJAkr.s:2662   .debug_str:000000000000027f .LASF37
C:\Users\Kalle\AppData\Local\Temp\ccftJAkr.s:2840   .debug_str:0000000000000609 .LASF33
C:\Users\Kalle\AppData\Local\Temp\ccftJAkr.s:2806   .debug_str:0000000000000585 .LASF34
C:\Users\Kalle\AppData\Local\Temp\ccftJAkr.s:2656   .debug_str:0000000000000268 .LASF35
C:\Users\Kalle\AppData\Local\Temp\ccftJAkr.s:2858   .debug_str:0000000000000667 .LASF36
C:\Users\Kalle\AppData\Local\Temp\ccftJAkr.s:2676   .debug_str:00000000000002c2 .LASF38
C:\Users\Kalle\AppData\Local\Temp\ccftJAkr.s:2592   .debug_str:00000000000000f2 .LASF39
C:\Users\Kalle\AppData\Local\Temp\ccftJAkr.s:2832   .debug_str:00000000000005eb .LASF40
C:\Users\Kalle\AppData\Local\Temp\ccftJAkr.s:2606   .debug_str:000000000000012f .LASF41
C:\Users\Kalle\AppData\Local\Temp\ccftJAkr.s:2896   .debug_str:000000000000070c .LASF42
C:\Users\Kalle\AppData\Local\Temp\ccftJAkr.s:2742   .debug_str:0000000000000453 .LASF43
C:\Users\Kalle\AppData\Local\Temp\ccftJAkr.s:2728   .debug_str:00000000000003a5 .LASF44
C:\Users\Kalle\AppData\Local\Temp\ccftJAkr.s:2860   .debug_str:000000000000066c .LASF45
C:\Users\Kalle\AppData\Local\Temp\ccftJAkr.s:2772   .debug_str:00000000000004e0 .LASF46
C:\Users\Kalle\AppData\Local\Temp\ccftJAkr.s:2876   .debug_str:00000000000006b1 .LASF47
C:\Users\Kalle\AppData\Local\Temp\ccftJAkr.s:2610   .debug_str:000000000000013e .LASF48
C:\Users\Kalle\AppData\Local\Temp\ccftJAkr.s:2648   .debug_str:000000000000024a .LASF49
C:\Users\Kalle\AppData\Local\Temp\ccftJAkr.s:2546   .debug_str:0000000000000000 .LASF50
C:\Users\Kalle\AppData\Local\Temp\ccftJAkr.s:2846   .debug_str:0000000000000624 .LASF51
C:\Users\Kalle\AppData\Local\Temp\ccftJAkr.s:2624   .debug_str:0000000000000181 .LASF52
C:\Users\Kalle\AppData\Local\Temp\ccftJAkr.s:2744   .debug_str:000000000000045c .LASF53
C:\Users\Kalle\AppData\Local\Temp\ccftJAkr.s:2798   .debug_str:0000000000000555 .LASF54
C:\Users\Kalle\AppData\Local\Temp\ccftJAkr.s:2650   .debug_str:0000000000000252 .LASF55
C:\Users\Kalle\AppData\Local\Temp\ccftJAkr.s:2774   .debug_str:00000000000004ea .LASF56
C:\Users\Kalle\AppData\Local\Temp\ccftJAkr.s:2604   .debug_str:0000000000000129 .LASF57
C:\Users\Kalle\AppData\Local\Temp\ccftJAkr.s:2552   .debug_str:000000000000001c .LASF58
C:\Users\Kalle\AppData\Local\Temp\ccftJAkr.s:2784   .debug_str:0000000000000514 .LASF59
C:\Users\Kalle\AppData\Local\Temp\ccftJAkr.s:2622   .debug_str:000000000000017a .LASF60
C:\Users\Kalle\AppData\Local\Temp\ccftJAkr.s:2690   .debug_str:0000000000000306 .LASF61
C:\Users\Kalle\AppData\Local\Temp\ccftJAkr.s:2578   .debug_str:00000000000000a3 .LASF62
C:\Users\Kalle\AppData\Local\Temp\ccftJAkr.s:2612   .debug_str:000000000000014c .LASF63
C:\Users\Kalle\AppData\Local\Temp\ccftJAkr.s:2668   .debug_str:000000000000029e .LASF64
C:\Users\Kalle\AppData\Local\Temp\ccftJAkr.s:2726   .debug_str:000000000000039e .LASF65
C:\Users\Kalle\AppData\Local\Temp\ccftJAkr.s:2818   .debug_str:00000000000005b2 .LASF66
C:\Users\Kalle\AppData\Local\Temp\ccftJAkr.s:2880   .debug_str:00000000000006cb .LASF67
C:\Users\Kalle\AppData\Local\Temp\ccftJAkr.s:2600   .debug_str:000000000000011a .LASF68
C:\Users\Kalle\AppData\Local\Temp\ccftJAkr.s:2872   .debug_str:00000000000006a3 .LASF69
C:\Users\Kalle\AppData\Local\Temp\ccftJAkr.s:2630   .debug_str:00000000000001d0 .LASF70
C:\Users\Kalle\AppData\Local\Temp\ccftJAkr.s:2642   .debug_str:0000000000000223 .LASF71
C:\Users\Kalle\AppData\Local\Temp\ccftJAkr.s:2568   .debug_str:000000000000005c .LASF72
C:\Users\Kalle\AppData\Local\Temp\ccftJAkr.s:2716   .debug_str:0000000000000378 .LASF73
C:\Users\Kalle\AppData\Local\Temp\ccftJAkr.s:2788   .debug_str:0000000000000526 .LASF74
C:\Users\Kalle\AppData\Local\Temp\ccftJAkr.s:2720   .debug_str:0000000000000385 .LASF75
C:\Users\Kalle\AppData\Local\Temp\ccftJAkr.s:2808   .debug_str:000000000000058d .LASF76
C:\Users\Kalle\AppData\Local\Temp\ccftJAkr.s:2826   .debug_str:00000000000005d5 .LASF77
C:\Users\Kalle\AppData\Local\Temp\ccftJAkr.s:2626   .debug_str:0000000000000189 .LASF78
GAS LISTING C:\Users\Kalle\AppData\Local\Temp\ccftJAkr.s 			page 5


C:\Users\Kalle\AppData\Local\Temp\ccftJAkr.s:2682   .debug_str:00000000000002db .LASF79
C:\Users\Kalle\AppData\Local\Temp\ccftJAkr.s:2660   .debug_str:0000000000000277 .LASF80
C:\Users\Kalle\AppData\Local\Temp\ccftJAkr.s:2796   .debug_str:0000000000000550 .LASF81
C:\Users\Kalle\AppData\Local\Temp\ccftJAkr.s:2560   .debug_str:0000000000000039 .LASF82
C:\Users\Kalle\AppData\Local\Temp\ccftJAkr.s:2804   .debug_str:000000000000056c .LASF83
C:\Users\Kalle\AppData\Local\Temp\ccftJAkr.s:2800   .debug_str:000000000000055a .LASF84
C:\Users\Kalle\AppData\Local\Temp\ccftJAkr.s:2636   .debug_str:0000000000000203 .LASF85
C:\Users\Kalle\AppData\Local\Temp\ccftJAkr.s:2802   .debug_str:0000000000000562 .LASF86
C:\Users\Kalle\AppData\Local\Temp\ccftJAkr.s:2708   .debug_str:000000000000035b .LASF87
C:\Users\Kalle\AppData\Local\Temp\ccftJAkr.s:2670   .debug_str:00000000000002a4 .LASF88
C:\Users\Kalle\AppData\Local\Temp\ccftJAkr.s:2890   .debug_str:00000000000006f4 .LASF89
C:\Users\Kalle\AppData\Local\Temp\ccftJAkr.s:2754   .debug_str:0000000000000484 .LASF90
C:\Users\Kalle\AppData\Local\Temp\ccftJAkr.s:2686   .debug_str:00000000000002ec .LASF91
C:\Users\Kalle\AppData\Local\Temp\ccftJAkr.s:2640   .debug_str:000000000000021b .LASF92
C:\Users\Kalle\AppData\Local\Temp\ccftJAkr.s:2764   .debug_str:00000000000004c1 .LASF93
C:\Users\Kalle\AppData\Local\Temp\ccftJAkr.s:2702   .debug_str:0000000000000339 .LASF94
C:\Users\Kalle\AppData\Local\Temp\ccftJAkr.s:2868   .debug_str:000000000000068f .LASF95
C:\Users\Kalle\AppData\Local\Temp\ccftJAkr.s:2614   .debug_str:0000000000000154 .LASF96
C:\Users\Kalle\AppData\Local\Temp\ccftJAkr.s:2608   .debug_str:0000000000000139 .LASF97
C:\Users\Kalle\AppData\Local\Temp\ccftJAkr.s:2828   .debug_str:00000000000005dc .LASF98
C:\Users\Kalle\AppData\Local\Temp\ccftJAkr.s:2780   .debug_str:0000000000000502 .LASF99
C:\Users\Kalle\AppData\Local\Temp\ccftJAkr.s:2862   .debug_str:0000000000000676 .LASF100
C:\Users\Kalle\AppData\Local\Temp\ccftJAkr.s:2696   .debug_str:0000000000000319 .LASF101
C:\Users\Kalle\AppData\Local\Temp\ccftJAkr.s:2778   .debug_str:00000000000004fc .LASF102
C:\Users\Kalle\AppData\Local\Temp\ccftJAkr.s:2556   .debug_str:000000000000002a .LASF103
C:\Users\Kalle\AppData\Local\Temp\ccftJAkr.s:2812   .debug_str:000000000000059c .LASF104
C:\Users\Kalle\AppData\Local\Temp\ccftJAkr.s:2836   .debug_str:00000000000005fb .LASF105
C:\Users\Kalle\AppData\Local\Temp\ccftJAkr.s:2848   .debug_str:000000000000062d .LASF106
C:\Users\Kalle\AppData\Local\Temp\ccftJAkr.s:2856   .debug_str:000000000000065a .LASF107
C:\Users\Kalle\AppData\Local\Temp\ccftJAkr.s:2842   .debug_str:000000000000060f .LASF108
C:\Users\Kalle\AppData\Local\Temp\ccftJAkr.s:2706   .debug_str:000000000000034e .LASF109
C:\Users\Kalle\AppData\Local\Temp\ccftJAkr.s:2878   .debug_str:00000000000006bc .LASF110
C:\Users\Kalle\AppData\Local\Temp\ccftJAkr.s:2664   .debug_str:0000000000000287 .LASF111
C:\Users\Kalle\AppData\Local\Temp\ccftJAkr.s:2790   .debug_str:000000000000052f .LASF112
C:\Users\Kalle\AppData\Local\Temp\ccftJAkr.s:2882   .debug_str:00000000000006d2 .LASF113
C:\Users\Kalle\AppData\Local\Temp\ccftJAkr.s:2794   .debug_str:0000000000000543 .LASF114
C:\Users\Kalle\AppData\Local\Temp\ccftJAkr.s:2888   .debug_str:00000000000006e6 .LASF115
C:\Users\Kalle\AppData\Local\Temp\ccftJAkr.s:2590   .debug_str:00000000000000e4 .LASF116
C:\Users\Kalle\AppData\Local\Temp\ccftJAkr.s:2866   .debug_str:0000000000000685 .LASF117
C:\Users\Kalle\AppData\Local\Temp\ccftJAkr.s:2704   .debug_str:0000000000000342 .LASF118
C:\Users\Kalle\AppData\Local\Temp\ccftJAkr.s:2852   .debug_str:000000000000063a .LASF119
C:\Users\Kalle\AppData\Local\Temp\ccftJAkr.s:2646   .debug_str:000000000000023c .LASF120
C:\Users\Kalle\AppData\Local\Temp\ccftJAkr.s:2584   .debug_str:00000000000000bd .LASF121
C:\Users\Kalle\AppData\Local\Temp\ccftJAkr.s:2644   .debug_str:000000000000022b .LASF122
C:\Users\Kalle\AppData\Local\Temp\ccftJAkr.s:2570   .debug_str:0000000000000062 .LASF123
C:\Users\Kalle\AppData\Local\Temp\ccftJAkr.s:2572   .debug_str:0000000000000071 .LASF124
C:\Users\Kalle\AppData\Local\Temp\ccftJAkr.s:2768   .debug_str:00000000000004cd .LASF125
C:\Users\Kalle\AppData\Local\Temp\ccftJAkr.s:2738   .debug_str:00000000000003d2 .LASF126
C:\Users\Kalle\AppData\Local\Temp\ccftJAkr.s:2730   .debug_str:00000000000003af .LASF127
C:\Users\Kalle\AppData\Local\Temp\ccftJAkr.s:2874   .debug_str:00000000000006a9 .LASF128
C:\Users\Kalle\AppData\Local\Temp\ccftJAkr.s:2580   .debug_str:00000000000000ac .LASF173
C:\Users\Kalle\AppData\Local\Temp\ccftJAkr.s:2820   .debug_str:00000000000005b8 .LASF129
C:\Users\Kalle\AppData\Local\Temp\ccftJAkr.s:2854   .debug_str:0000000000000647 .LASF130
C:\Users\Kalle\AppData\Local\Temp\ccftJAkr.s:2638   .debug_str:000000000000020e .LASF131
C:\Users\Kalle\AppData\Local\Temp\ccftJAkr.s:2786   .debug_str:000000000000051c .LASF132
C:\Users\Kalle\AppData\Local\Temp\ccftJAkr.s:2752   .debug_str:000000000000047d .LASF133
C:\Users\Kalle\AppData\Local\Temp\ccftJAkr.s:2684   .debug_str:00000000000002e3 .LASF134
GAS LISTING C:\Users\Kalle\AppData\Local\Temp\ccftJAkr.s 			page 6


C:\Users\Kalle\AppData\Local\Temp\ccftJAkr.s:2870   .debug_str:0000000000000699 .LASF135
C:\Users\Kalle\AppData\Local\Temp\ccftJAkr.s:2898   .debug_str:0000000000000716 .LASF136
C:\Users\Kalle\AppData\Local\Temp\ccftJAkr.s:2692   .debug_str:000000000000030c .LASF137
C:\Users\Kalle\AppData\Local\Temp\ccftJAkr.s:2750   .debug_str:0000000000000477 .LASF138
C:\Users\Kalle\AppData\Local\Temp\ccftJAkr.s:2698   .debug_str:0000000000000320 .LASF139
C:\Users\Kalle\AppData\Local\Temp\ccftJAkr.s:2652   .debug_str:0000000000000257 .LASF140
C:\Users\Kalle\AppData\Local\Temp\ccftJAkr.s:2558   .debug_str:0000000000000032 .LASF141
C:\Users\Kalle\AppData\Local\Temp\ccftJAkr.s:2554   .debug_str:0000000000000022 .LASF142
C:\Users\Kalle\AppData\Local\Temp\ccftJAkr.s:2712   .debug_str:0000000000000369 .LASF143
C:\Users\Kalle\AppData\Local\Temp\ccftJAkr.s:2732   .debug_str:00000000000003b8 .LASF144
C:\Users\Kalle\AppData\Local\Temp\ccftJAkr.s:2736   .debug_str:00000000000003cb .LASF145
C:\Users\Kalle\AppData\Local\Temp\ccftJAkr.s:2834   .debug_str:00000000000005f4 .LASF146
C:\Users\Kalle\AppData\Local\Temp\ccftJAkr.s:2884   .debug_str:00000000000006d7 .LASF147
C:\Users\Kalle\AppData\Local\Temp\ccftJAkr.s:2724   .debug_str:0000000000000395 .LASF148
C:\Users\Kalle\AppData\Local\Temp\ccftJAkr.s:2756   .debug_str:000000000000048e .LASF149
C:\Users\Kalle\AppData\Local\Temp\ccftJAkr.s:2562   .debug_str:0000000000000044 .LASF150
C:\Users\Kalle\AppData\Local\Temp\ccftJAkr.s:2588   .debug_str:00000000000000dc .LASF151
C:\Users\Kalle\AppData\Local\Temp\ccftJAkr.s:2594   .debug_str:00000000000000fb .LASF152
C:\Users\Kalle\AppData\Local\Temp\ccftJAkr.s:2564   .debug_str:000000000000004e .LASF153
C:\Users\Kalle\AppData\Local\Temp\ccftJAkr.s:2766   .debug_str:00000000000004c6 .LASF154
C:\Users\Kalle\AppData\Local\Temp\ccftJAkr.s:2844   .debug_str:000000000000061c .LASF155
C:\Users\Kalle\AppData\Local\Temp\ccftJAkr.s:2760   .debug_str:00000000000004aa .LASF156
C:\Users\Kalle\AppData\Local\Temp\ccftJAkr.s:2694   .debug_str:0000000000000312 .LASF157
C:\Users\Kalle\AppData\Local\Temp\ccftJAkr.s:2566   .debug_str:0000000000000055 .LASF158
C:\Users\Kalle\AppData\Local\Temp\ccftJAkr.s:2886   .debug_str:00000000000006de .LASF159
C:\Users\Kalle\AppData\Local\Temp\ccftJAkr.s:2722   .debug_str:000000000000038d .LASF160
C:\Users\Kalle\AppData\Local\Temp\ccftJAkr.s:2824   .debug_str:00000000000005cc .LASF161
C:\Users\Kalle\AppData\Local\Temp\ccftJAkr.s:2672   .debug_str:00000000000002ae .LASF162
C:\Users\Kalle\AppData\Local\Temp\ccftJAkr.s:2894   .debug_str:0000000000000703 .LASF163
C:\Users\Kalle\AppData\Local\Temp\ccftJAkr.s:2674   .debug_str:00000000000002b8 .LASF164
C:\Users\Kalle\AppData\Local\Temp\ccftJAkr.s:2792   .debug_str:000000000000053a .LASF165
C:\Users\Kalle\AppData\Local\Temp\ccftJAkr.s:2620   .debug_str:0000000000000170 .LASF166
C:\Users\Kalle\AppData\Local\Temp\ccftJAkr.s:2776   .debug_str:00000000000004f1 .LASF167
C:\Users\Kalle\AppData\Local\Temp\ccftJAkr.s:2576   .debug_str:0000000000000099 .LASF168
C:\Users\Kalle\AppData\Local\Temp\ccftJAkr.s:2830   .debug_str:00000000000005e1 .LASF169
C:\Users\Kalle\AppData\Local\Temp\ccftJAkr.s:2634   .debug_str:00000000000001fc .LASF174
C:\Users\Kalle\AppData\Local\Temp\ccftJAkr.s:14     .text._fstat:0000000000000000 .LFB1
C:\Users\Kalle\AppData\Local\Temp\ccftJAkr.s:62     .text._fstat:0000000000000024 .LFE1
C:\Users\Kalle\AppData\Local\Temp\ccftJAkr.s:2466   .debug_loc:0000000000000000 .LLST0
C:\Users\Kalle\AppData\Local\Temp\ccftJAkr.s:2489   .debug_loc:0000000000000038 .LLST1
C:\Users\Kalle\AppData\Local\Temp\ccftJAkr.s:2503   .debug_loc:0000000000000059 .LLST2
C:\Users\Kalle\AppData\Local\Temp\ccftJAkr.s:32     .text._fstat:0000000000000010 .LVL1
C:\Users\Kalle\AppData\Local\Temp\ccftJAkr.s:2582   .debug_str:00000000000000b7 .LASF175
C:\Users\Kalle\AppData\Local\Temp\ccftJAkr.s:2718   .debug_str:000000000000037e .LASF176
C:\Users\Kalle\AppData\Local\Temp\ccftJAkr.s:22     .text._fstat:0000000000000002 .LCFI0
C:\Users\Kalle\AppData\Local\Temp\ccftJAkr.s:51     .text._fstat:000000000000001e .LCFI1
C:\Users\Kalle\AppData\Local\Temp\ccftJAkr.s:56     .text._fstat:0000000000000020 .LCFI2
C:\Users\Kalle\AppData\Local\Temp\ccftJAkr.s:18     .text._fstat:0000000000000000 .LVL0
C:\Users\Kalle\AppData\Local\Temp\ccftJAkr.s:49     .text._fstat:000000000000001c .LVL2
C:\Users\Kalle\AppData\Local\Temp\ccftJAkr.s:54     .text._fstat:0000000000000020 .LVL3
C:\Users\Kalle\AppData\Local\Temp\ccftJAkr.s:79     .debug_info:0000000000000000 .Ldebug_info0

UNDEFINED SYMBOLS
isatty
