GAS LISTING C:\Users\Kalle\AppData\Local\Temp\ccRBOtID.s 			page 1


   1              		.file	"gd32v_tf_card_if.c"
   2              		.option nopic
   3              		.attribute arch, "rv32i2p0_m2p0_a2p0_c2p0"
   4              		.attribute unaligned_access, 0
   5              		.attribute stack_align, 16
   6              		.text
   7              	.Ltext0:
   8              		.cfi_sections	.debug_frame
   9              		.section	.text.set_fattime,"ax",@progbits
  10              		.align	1
  11              		.globl	set_fattime
  13              	set_fattime:
  14              	.LFB5:
  15              		.file 1 "lib/fatfs/src/gd32v_tf_card_if.c"
   1:lib/fatfs/src/gd32v_tf_card_if.c **** #include "gd32vf103.h"
   2:lib/fatfs/src/gd32v_tf_card_if.c **** #include "gd32v_tf_card_if.h"
   3:lib/fatfs/src/gd32v_tf_card_if.c **** #include "tf_card.h"
   4:lib/fatfs/src/gd32v_tf_card_if.c **** 
   5:lib/fatfs/src/gd32v_tf_card_if.c **** fat_time_t time = {.year = 2020, .month = 3, .day = 6, .hour = 0, .minute = 0};
   6:lib/fatfs/src/gd32v_tf_card_if.c **** 
   7:lib/fatfs/src/gd32v_tf_card_if.c **** void set_fattime(uint16_t year, uint8_t month, uint8_t day, uint8_t hour, uint8_t minute, uint8_t s
  16              		.loc 1 7 106
  17              		.cfi_startproc
  18              	.LVL0:
   8:lib/fatfs/src/gd32v_tf_card_if.c ****     time.year = year;
  19              		.loc 1 8 5
  20              		.loc 1 8 15 is_stmt 0
  21 0000 37080000 		lui	a6,%hi(.LANCHOR0)
  22 0004 13080800 		addi	a6,a6,%lo(.LANCHOR0)
  23 0008 2310A800 		sh	a0,0(a6)
   9:lib/fatfs/src/gd32v_tf_card_if.c ****     time.month = month;
  24              		.loc 1 9 5 is_stmt 1
  25              		.loc 1 9 16 is_stmt 0
  26 000c 2301B800 		sb	a1,2(a6)
  10:lib/fatfs/src/gd32v_tf_card_if.c ****     time.day = day;
  27              		.loc 1 10 5 is_stmt 1
  28              		.loc 1 10 14 is_stmt 0
  29 0010 A301C800 		sb	a2,3(a6)
  11:lib/fatfs/src/gd32v_tf_card_if.c ****     time.hour = hour;
  30              		.loc 1 11 5 is_stmt 1
  31              		.loc 1 11 15 is_stmt 0
  32 0014 2302D800 		sb	a3,4(a6)
  12:lib/fatfs/src/gd32v_tf_card_if.c ****     time.minute = minute;
  33              		.loc 1 12 5 is_stmt 1
  34              		.loc 1 12 17 is_stmt 0
  35 0018 A302E800 		sb	a4,5(a6)
  13:lib/fatfs/src/gd32v_tf_card_if.c ****     time.second = second;
  36              		.loc 1 13 5 is_stmt 1
  37              		.loc 1 13 17 is_stmt 0
  38 001c 2303F800 		sb	a5,6(a6)
  14:lib/fatfs/src/gd32v_tf_card_if.c **** }
  39              		.loc 1 14 1
  40 0020 8280     		ret
  41              		.cfi_endproc
  42              	.LFE5:
  44              		.section	.text.get_fattime,"ax",@progbits
  45              		.align	1
GAS LISTING C:\Users\Kalle\AppData\Local\Temp\ccRBOtID.s 			page 2


  46              		.globl	get_fattime
  48              	get_fattime:
  49              	.LFB6:
  15:lib/fatfs/src/gd32v_tf_card_if.c **** 
  16:lib/fatfs/src/gd32v_tf_card_if.c **** DWORD get_fattime (void){
  50              		.loc 1 16 25 is_stmt 1
  51              		.cfi_startproc
  17:lib/fatfs/src/gd32v_tf_card_if.c **** 	return
  52              		.loc 1 17 2
  18:lib/fatfs/src/gd32v_tf_card_if.c **** 		(((uint8_t)(time.year - 1980))  << 25) |
  19:lib/fatfs/src/gd32v_tf_card_if.c **** 		(time.month	                    << 21) |
  53              		.loc 1 19 8 is_stmt 0
  54 0000 37070000 		lui	a4,%hi(.LANCHOR0)
  55 0004 13070700 		addi	a4,a4,%lo(.LANCHOR0)
  56 0008 83472700 		lbu	a5,2(a4)
  20:lib/fatfs/src/gd32v_tf_card_if.c **** 		(time.day	                    << 16) |
  57              		.loc 1 20 8
  58 000c 83453700 		lbu	a1,3(a4)
  21:lib/fatfs/src/gd32v_tf_card_if.c **** 		(time.hour	                    << 11) |
  22:lib/fatfs/src/gd32v_tf_card_if.c **** 		(time.minute	                <<  5) |
  23:lib/fatfs/src/gd32v_tf_card_if.c **** 		(time.second	                <<  0);
  59              		.loc 1 23 32
  60 0010 03486700 		lbu	a6,6(a4)
  21:lib/fatfs/src/gd32v_tf_card_if.c **** 		(time.hour	                    << 11) |
  61              		.loc 1 21 8
  62 0014 03464700 		lbu	a2,4(a4)
  22:lib/fatfs/src/gd32v_tf_card_if.c **** 		(time.second	                <<  0);
  63              		.loc 1 22 8
  64 0018 83465700 		lbu	a3,5(a4)
  18:lib/fatfs/src/gd32v_tf_card_if.c **** 		(time.month	                    << 21) |
  65              		.loc 1 18 5
  66 001c 03450700 		lbu	a0,0(a4)
  20:lib/fatfs/src/gd32v_tf_card_if.c **** 		(time.hour	                    << 11) |
  67              		.loc 1 20 33
  68 0020 C205     		slli	a1,a1,16
  19:lib/fatfs/src/gd32v_tf_card_if.c **** 		(time.day	                    << 16) |
  69              		.loc 1 19 35
  70 0022 D607     		slli	a5,a5,21
  22:lib/fatfs/src/gd32v_tf_card_if.c **** 		(time.second	                <<  0);
  71              		.loc 1 22 39
  72 0024 CD8F     		or	a5,a5,a1
  21:lib/fatfs/src/gd32v_tf_card_if.c **** 		(time.minute	                <<  5) |
  73              		.loc 1 21 34
  74 0026 1317B600 		slli	a4,a2,11
  22:lib/fatfs/src/gd32v_tf_card_if.c **** 		(time.second	                <<  0);
  75              		.loc 1 22 39
  76 002a B3E70701 		or	a5,a5,a6
  77 002e D98F     		or	a5,a5,a4
  18:lib/fatfs/src/gd32v_tf_card_if.c **** 		(time.month	                    << 21) |
  78              		.loc 1 18 5
  79 0030 13054504 		addi	a0,a0,68
  22:lib/fatfs/src/gd32v_tf_card_if.c **** 		(time.second	                <<  0);
  80              		.loc 1 22 32
  81 0034 13975600 		slli	a4,a3,5
  22:lib/fatfs/src/gd32v_tf_card_if.c **** 		(time.second	                <<  0);
  82              		.loc 1 22 39
  83 0038 D98F     		or	a5,a5,a4
GAS LISTING C:\Users\Kalle\AppData\Local\Temp\ccRBOtID.s 			page 3


  18:lib/fatfs/src/gd32v_tf_card_if.c **** 		(time.month	                    << 21) |
  84              		.loc 1 18 35
  85 003a 6605     		slli	a0,a0,25
  24:lib/fatfs/src/gd32v_tf_card_if.c **** }  ...
  86              		.loc 1 24 1
  87 003c 5D8D     		or	a0,a5,a0
  88 003e 8280     		ret
  89              		.cfi_endproc
  90              	.LFE6:
  92              		.globl	time
  93              		.section	.sdata.time,"aw"
  94              		.align	2
  95              		.set	.LANCHOR0,. + 0
  98              	time:
  99 0000 E407     		.half	2020
 100 0002 03       		.byte	3
 101 0003 06       		.byte	6
 102 0004 00       		.byte	0
 103 0005 00       		.byte	0
 104 0006 0000     		.zero	2
 105              		.text
 106              	.Letext0:
 107              		.file 2 "c:\\idrotttek-kurs\\toolchain-gd32v-win\\compiler\\riscv64-unknown-elf\\include\\machine\
 108              		.file 3 "c:\\idrotttek-kurs\\toolchain-gd32v-win\\compiler\\riscv64-unknown-elf\\include\\sys\\_st
 109              		.file 4 "c:\\idrotttek-kurs\\toolchain-gd32v-win\\compiler\\lib\\gcc\\riscv64-unknown-elf\\8.3.0\\
 110              		.file 5 "c:\\idrotttek-kurs\\toolchain-gd32v-win\\compiler\\riscv64-unknown-elf\\include\\sys\\_ty
 111              		.file 6 "c:\\idrotttek-kurs\\toolchain-gd32v-win\\compiler\\riscv64-unknown-elf\\include\\sys\\ree
 112              		.file 7 "c:\\idrotttek-kurs\\toolchain-gd32v-win\\compiler\\riscv64-unknown-elf\\include\\sys\\loc
 113              		.file 8 "../../firmware/GD32VF103_standard_peripheral/system_gd32vf103.h"
 114              		.file 9 "lib/fatfs/include/ff.h"
 115              		.file 10 "lib/fatfs/include/gd32v_tf_card_if.h"
GAS LISTING C:\Users\Kalle\AppData\Local\Temp\ccRBOtID.s 			page 4


DEFINED SYMBOLS
                            *ABS*:0000000000000000 gd32v_tf_card_if.c
C:\Users\Kalle\AppData\Local\Temp\ccRBOtID.s:13     .text.set_fattime:0000000000000000 set_fattime
C:\Users\Kalle\AppData\Local\Temp\ccRBOtID.s:17     .text.set_fattime:0000000000000000 .L0 
C:\Users\Kalle\AppData\Local\Temp\ccRBOtID.s:19     .text.set_fattime:0000000000000000 .L0 
C:\Users\Kalle\AppData\Local\Temp\ccRBOtID.s:20     .text.set_fattime:0000000000000000 .L0 
C:\Users\Kalle\AppData\Local\Temp\ccRBOtID.s:21     .text.set_fattime:0000000000000000 .L0 
C:\Users\Kalle\AppData\Local\Temp\ccRBOtID.s:25     .text.set_fattime:000000000000000c .L0 
C:\Users\Kalle\AppData\Local\Temp\ccRBOtID.s:26     .text.set_fattime:000000000000000c .L0 
C:\Users\Kalle\AppData\Local\Temp\ccRBOtID.s:28     .text.set_fattime:0000000000000010 .L0 
C:\Users\Kalle\AppData\Local\Temp\ccRBOtID.s:29     .text.set_fattime:0000000000000010 .L0 
C:\Users\Kalle\AppData\Local\Temp\ccRBOtID.s:31     .text.set_fattime:0000000000000014 .L0 
C:\Users\Kalle\AppData\Local\Temp\ccRBOtID.s:32     .text.set_fattime:0000000000000014 .L0 
C:\Users\Kalle\AppData\Local\Temp\ccRBOtID.s:34     .text.set_fattime:0000000000000018 .L0 
C:\Users\Kalle\AppData\Local\Temp\ccRBOtID.s:35     .text.set_fattime:0000000000000018 .L0 
C:\Users\Kalle\AppData\Local\Temp\ccRBOtID.s:37     .text.set_fattime:000000000000001c .L0 
C:\Users\Kalle\AppData\Local\Temp\ccRBOtID.s:38     .text.set_fattime:000000000000001c .L0 
C:\Users\Kalle\AppData\Local\Temp\ccRBOtID.s:40     .text.set_fattime:0000000000000020 .L0 
C:\Users\Kalle\AppData\Local\Temp\ccRBOtID.s:41     .text.set_fattime:0000000000000022 .L0 
C:\Users\Kalle\AppData\Local\Temp\ccRBOtID.s:48     .text.get_fattime:0000000000000000 get_fattime
C:\Users\Kalle\AppData\Local\Temp\ccRBOtID.s:51     .text.get_fattime:0000000000000000 .L0 
C:\Users\Kalle\AppData\Local\Temp\ccRBOtID.s:52     .text.get_fattime:0000000000000000 .L0 
C:\Users\Kalle\AppData\Local\Temp\ccRBOtID.s:53     .text.get_fattime:0000000000000000 .L0 
C:\Users\Kalle\AppData\Local\Temp\ccRBOtID.s:54     .text.get_fattime:0000000000000000 .L0 
C:\Users\Kalle\AppData\Local\Temp\ccRBOtID.s:58     .text.get_fattime:000000000000000c .L0 
C:\Users\Kalle\AppData\Local\Temp\ccRBOtID.s:60     .text.get_fattime:0000000000000010 .L0 
C:\Users\Kalle\AppData\Local\Temp\ccRBOtID.s:62     .text.get_fattime:0000000000000014 .L0 
C:\Users\Kalle\AppData\Local\Temp\ccRBOtID.s:64     .text.get_fattime:0000000000000018 .L0 
C:\Users\Kalle\AppData\Local\Temp\ccRBOtID.s:66     .text.get_fattime:000000000000001c .L0 
C:\Users\Kalle\AppData\Local\Temp\ccRBOtID.s:68     .text.get_fattime:0000000000000020 .L0 
C:\Users\Kalle\AppData\Local\Temp\ccRBOtID.s:70     .text.get_fattime:0000000000000022 .L0 
C:\Users\Kalle\AppData\Local\Temp\ccRBOtID.s:72     .text.get_fattime:0000000000000024 .L0 
C:\Users\Kalle\AppData\Local\Temp\ccRBOtID.s:74     .text.get_fattime:0000000000000026 .L0 
C:\Users\Kalle\AppData\Local\Temp\ccRBOtID.s:76     .text.get_fattime:000000000000002a .L0 
C:\Users\Kalle\AppData\Local\Temp\ccRBOtID.s:79     .text.get_fattime:0000000000000030 .L0 
C:\Users\Kalle\AppData\Local\Temp\ccRBOtID.s:81     .text.get_fattime:0000000000000034 .L0 
C:\Users\Kalle\AppData\Local\Temp\ccRBOtID.s:83     .text.get_fattime:0000000000000038 .L0 
C:\Users\Kalle\AppData\Local\Temp\ccRBOtID.s:85     .text.get_fattime:000000000000003a .L0 
C:\Users\Kalle\AppData\Local\Temp\ccRBOtID.s:87     .text.get_fattime:000000000000003c .L0 
C:\Users\Kalle\AppData\Local\Temp\ccRBOtID.s:89     .text.get_fattime:0000000000000040 .L0 
C:\Users\Kalle\AppData\Local\Temp\ccRBOtID.s:98     .sdata.time:0000000000000000 time
C:\Users\Kalle\AppData\Local\Temp\ccRBOtID.s:95     .sdata.time:0000000000000000 .LANCHOR0
C:\Users\Kalle\AppData\Local\Temp\ccRBOtID.s:44     .text.set_fattime:0000000000000022 .L0 
C:\Users\Kalle\AppData\Local\Temp\ccRBOtID.s:93     .text.get_fattime:0000000000000040 .L0 
                     .debug_frame:0000000000000000 .L0 
C:\Users\Kalle\AppData\Local\Temp\ccRBOtID.s:1708   .debug_abbrev:0000000000000000 .Ldebug_abbrev0
C:\Users\Kalle\AppData\Local\Temp\ccRBOtID.s:2390   .debug_str:00000000000002fa .LASF135
C:\Users\Kalle\AppData\Local\Temp\ccRBOtID.s:2386   .debug_str:00000000000002d2 .LASF136
C:\Users\Kalle\AppData\Local\Temp\ccRBOtID.s:2310   .debug_str:0000000000000145 .LASF137
C:\Users\Kalle\AppData\Local\Temp\ccRBOtID.s:2234   .debug_ranges:0000000000000000 .Ldebug_ranges0
C:\Users\Kalle\AppData\Local\Temp\ccRBOtID.s:2242   .debug_line:0000000000000000 .Ldebug_line0
C:\Users\Kalle\AppData\Local\Temp\ccRBOtID.s:2472   .debug_str:00000000000004e1 .LASF0
C:\Users\Kalle\AppData\Local\Temp\ccRBOtID.s:2282   .debug_str:00000000000000d1 .LASF1
C:\Users\Kalle\AppData\Local\Temp\ccRBOtID.s:2256   .debug_str:0000000000000039 .LASF4
C:\Users\Kalle\AppData\Local\Temp\ccRBOtID.s:2408   .debug_str:00000000000003c7 .LASF2
C:\Users\Kalle\AppData\Local\Temp\ccRBOtID.s:2246   .debug_str:000000000000000c .LASF3
C:\Users\Kalle\AppData\Local\Temp\ccRBOtID.s:2474   .debug_str:00000000000004ee .LASF5
GAS LISTING C:\Users\Kalle\AppData\Local\Temp\ccRBOtID.s 			page 5


C:\Users\Kalle\AppData\Local\Temp\ccRBOtID.s:2484   .debug_str:000000000000051d .LASF6
C:\Users\Kalle\AppData\Local\Temp\ccRBOtID.s:2302   .debug_str:0000000000000126 .LASF7
C:\Users\Kalle\AppData\Local\Temp\ccRBOtID.s:2328   .debug_str:00000000000001da .LASF8
C:\Users\Kalle\AppData\Local\Temp\ccRBOtID.s:2354   .debug_str:0000000000000244 .LASF9
C:\Users\Kalle\AppData\Local\Temp\ccRBOtID.s:2314   .debug_str:000000000000018f .LASF10
C:\Users\Kalle\AppData\Local\Temp\ccRBOtID.s:2264   .debug_str:000000000000006c .LASF11
C:\Users\Kalle\AppData\Local\Temp\ccRBOtID.s:2476   .debug_str:00000000000004f9 .LASF12
C:\Users\Kalle\AppData\Local\Temp\ccRBOtID.s:2316   .debug_str:000000000000019d .LASF13
C:\Users\Kalle\AppData\Local\Temp\ccRBOtID.s:2494   .debug_str:000000000000055d .LASF14
C:\Users\Kalle\AppData\Local\Temp\ccRBOtID.s:2348   .debug_str:0000000000000224 .LASF124
C:\Users\Kalle\AppData\Local\Temp\ccRBOtID.s:2462   .debug_str:00000000000004ba .LASF15
C:\Users\Kalle\AppData\Local\Temp\ccRBOtID.s:2402   .debug_str:00000000000003a4 .LASF16
C:\Users\Kalle\AppData\Local\Temp\ccRBOtID.s:2278   .debug_str:00000000000000c3 .LASF17
C:\Users\Kalle\AppData\Local\Temp\ccRBOtID.s:2460   .debug_str:00000000000004b2 .LASF18
C:\Users\Kalle\AppData\Local\Temp\ccRBOtID.s:2502   .debug_str:000000000000057e .LASF19
C:\Users\Kalle\AppData\Local\Temp\ccRBOtID.s:2370   .debug_str:0000000000000295 .LASF20
C:\Users\Kalle\AppData\Local\Temp\ccRBOtID.s:2346   .debug_str:000000000000021d .LASF21
C:\Users\Kalle\AppData\Local\Temp\ccRBOtID.s:2450   .debug_str:000000000000048b .LASF22
C:\Users\Kalle\AppData\Local\Temp\ccRBOtID.s:2452   .debug_str:0000000000000493 .LASF23
C:\Users\Kalle\AppData\Local\Temp\ccRBOtID.s:2426   .debug_str:0000000000000418 .LASF24
C:\Users\Kalle\AppData\Local\Temp\ccRBOtID.s:2488   .debug_str:0000000000000535 .LASF25
C:\Users\Kalle\AppData\Local\Temp\ccRBOtID.s:2406   .debug_str:00000000000003b5 .LASF26
C:\Users\Kalle\AppData\Local\Temp\ccRBOtID.s:2416   .debug_str:00000000000003ef .LASF27
C:\Users\Kalle\AppData\Local\Temp\ccRBOtID.s:2336   .debug_str:00000000000001ff .LASF32
C:\Users\Kalle\AppData\Local\Temp\ccRBOtID.s:2478   .debug_str:0000000000000501 .LASF28
C:\Users\Kalle\AppData\Local\Temp\ccRBOtID.s:2444   .debug_str:0000000000000476 .LASF29
C:\Users\Kalle\AppData\Local\Temp\ccRBOtID.s:2330   .debug_str:00000000000001e5 .LASF30
C:\Users\Kalle\AppData\Local\Temp\ccRBOtID.s:2498   .debug_str:0000000000000573 .LASF31
C:\Users\Kalle\AppData\Local\Temp\ccRBOtID.s:2342   .debug_str:0000000000000212 .LASF33
C:\Users\Kalle\AppData\Local\Temp\ccRBOtID.s:2276   .debug_str:00000000000000ba .LASF34
C:\Users\Kalle\AppData\Local\Temp\ccRBOtID.s:2516   .debug_str:00000000000005c3 .LASF35
C:\Users\Kalle\AppData\Local\Temp\ccRBOtID.s:2288   .debug_str:00000000000000e9 .LASF36
C:\Users\Kalle\AppData\Local\Temp\ccRBOtID.s:2524   .debug_str:00000000000005e4 .LASF37
C:\Users\Kalle\AppData\Local\Temp\ccRBOtID.s:2392   .debug_str:0000000000000374 .LASF38
C:\Users\Kalle\AppData\Local\Temp\ccRBOtID.s:2382   .debug_str:00000000000002bf .LASF39
C:\Users\Kalle\AppData\Local\Temp\ccRBOtID.s:2458   .debug_str:00000000000004a8 .LASF40
C:\Users\Kalle\AppData\Local\Temp\ccRBOtID.s:2418   .debug_str:00000000000003f8 .LASF41
C:\Users\Kalle\AppData\Local\Temp\ccRBOtID.s:2512   .debug_str:00000000000005a9 .LASF42
C:\Users\Kalle\AppData\Local\Temp\ccRBOtID.s:2292   .debug_str:00000000000000f8 .LASF43
C:\Users\Kalle\AppData\Local\Temp\ccRBOtID.s:2248   .debug_str:0000000000000016 .LASF44
C:\Users\Kalle\AppData\Local\Temp\ccRBOtID.s:2244   .debug_str:0000000000000000 .LASF45
C:\Users\Kalle\AppData\Local\Temp\ccRBOtID.s:2482   .debug_str:0000000000000514 .LASF46
C:\Users\Kalle\AppData\Local\Temp\ccRBOtID.s:2306   .debug_str:0000000000000136 .LASF47
C:\Users\Kalle\AppData\Local\Temp\ccRBOtID.s:2394   .debug_str:000000000000037d .LASF48
C:\Users\Kalle\AppData\Local\Temp\ccRBOtID.s:2436   .debug_str:0000000000000446 .LASF49
C:\Users\Kalle\AppData\Local\Temp\ccRBOtID.s:2326   .debug_str:00000000000001d5 .LASF50
C:\Users\Kalle\AppData\Local\Temp\ccRBOtID.s:2420   .debug_str:0000000000000402 .LASF51
C:\Users\Kalle\AppData\Local\Temp\ccRBOtID.s:2286   .debug_str:00000000000000e3 .LASF52
C:\Users\Kalle\AppData\Local\Temp\ccRBOtID.s:2470   .debug_str:00000000000004db .LASF53
C:\Users\Kalle\AppData\Local\Temp\ccRBOtID.s:2428   .debug_str:0000000000000423 .LASF54
C:\Users\Kalle\AppData\Local\Temp\ccRBOtID.s:2304   .debug_str:000000000000012f .LASF55
C:\Users\Kalle\AppData\Local\Temp\ccRBOtID.s:2356   .debug_str:0000000000000256 .LASF56
C:\Users\Kalle\AppData\Local\Temp\ccRBOtID.s:2266   .debug_str:0000000000000083 .LASF57
C:\Users\Kalle\AppData\Local\Temp\ccRBOtID.s:2250   .debug_str:000000000000001e .LASF58
C:\Users\Kalle\AppData\Local\Temp\ccRBOtID.s:2340   .debug_str:000000000000020c .LASF59
C:\Users\Kalle\AppData\Local\Temp\ccRBOtID.s:2380   .debug_str:00000000000002b8 .LASF60
C:\Users\Kalle\AppData\Local\Temp\ccRBOtID.s:2454   .debug_str:000000000000049b .LASF61
GAS LISTING C:\Users\Kalle\AppData\Local\Temp\ccRBOtID.s 			page 6


C:\Users\Kalle\AppData\Local\Temp\ccRBOtID.s:2280   .debug_str:00000000000000ca .LASF62
C:\Users\Kalle\AppData\Local\Temp\ccRBOtID.s:2284   .debug_str:00000000000000dd .LASF63
C:\Users\Kalle\AppData\Local\Temp\ccRBOtID.s:2508   .debug_str:000000000000059b .LASF64
C:\Users\Kalle\AppData\Local\Temp\ccRBOtID.s:2468   .debug_str:00000000000004d2 .LASF65
C:\Users\Kalle\AppData\Local\Temp\ccRBOtID.s:2320   .debug_str:00000000000001ae .LASF66
C:\Users\Kalle\AppData\Local\Temp\ccRBOtID.s:2358   .debug_str:000000000000025c .LASF67
C:\Users\Kalle\AppData\Local\Temp\ccRBOtID.s:2374   .debug_str:00000000000002a0 .LASF68
C:\Users\Kalle\AppData\Local\Temp\ccRBOtID.s:2430   .debug_str:000000000000042b .LASF69
C:\Users\Kalle\AppData\Local\Temp\ccRBOtID.s:2422   .debug_str:0000000000000409 .LASF70
C:\Users\Kalle\AppData\Local\Temp\ccRBOtID.s:2446   .debug_str:000000000000047e .LASF71
C:\Users\Kalle\AppData\Local\Temp\ccRBOtID.s:2464   .debug_str:00000000000004c6 .LASF72
C:\Users\Kalle\AppData\Local\Temp\ccRBOtID.s:2308   .debug_str:000000000000013e .LASF73
C:\Users\Kalle\AppData\Local\Temp\ccRBOtID.s:2350   .debug_str:0000000000000234 .LASF74
C:\Users\Kalle\AppData\Local\Temp\ccRBOtID.s:2334   .debug_str:00000000000001f7 .LASF75
C:\Users\Kalle\AppData\Local\Temp\ccRBOtID.s:2434   .debug_str:0000000000000441 .LASF76
C:\Users\Kalle\AppData\Local\Temp\ccRBOtID.s:2254   .debug_str:000000000000002e .LASF77
C:\Users\Kalle\AppData\Local\Temp\ccRBOtID.s:2442   .debug_str:000000000000045d .LASF78
C:\Users\Kalle\AppData\Local\Temp\ccRBOtID.s:2438   .debug_str:000000000000044b .LASF79
C:\Users\Kalle\AppData\Local\Temp\ccRBOtID.s:2398   .debug_str:000000000000038a .LASF80
C:\Users\Kalle\AppData\Local\Temp\ccRBOtID.s:2440   .debug_str:0000000000000453 .LASF81
C:\Users\Kalle\AppData\Local\Temp\ccRBOtID.s:2368   .debug_str:000000000000028d .LASF82
C:\Users\Kalle\AppData\Local\Temp\ccRBOtID.s:2312   .debug_str:0000000000000185 .LASF83
C:\Users\Kalle\AppData\Local\Temp\ccRBOtID.s:2522   .debug_str:00000000000005df .LASF84
C:\Users\Kalle\AppData\Local\Temp\ccRBOtID.s:2404   .debug_str:00000000000003ab .LASF85
C:\Users\Kalle\AppData\Local\Temp\ccRBOtID.s:2352   .debug_str:000000000000023c .LASF86
C:\Users\Kalle\AppData\Local\Temp\ccRBOtID.s:2318   .debug_str:00000000000001a6 .LASF87
C:\Users\Kalle\AppData\Local\Temp\ccRBOtID.s:2372   .debug_str:000000000000029b .LASF88
C:\Users\Kalle\AppData\Local\Temp\ccRBOtID.s:2258   .debug_str:0000000000000043 .LASF89
C:\Users\Kalle\AppData\Local\Temp\ccRBOtID.s:2506   .debug_str:0000000000000591 .LASF90
C:\Users\Kalle\AppData\Local\Temp\ccRBOtID.s:2300   .debug_str:000000000000011e .LASF91
C:\Users\Kalle\AppData\Local\Temp\ccRBOtID.s:2290   .debug_str:00000000000000f3 .LASF92
C:\Users\Kalle\AppData\Local\Temp\ccRBOtID.s:2466   .debug_str:00000000000004cd .LASF93
C:\Users\Kalle\AppData\Local\Temp\ccRBOtID.s:2424   .debug_str:0000000000000411 .LASF94
C:\Users\Kalle\AppData\Local\Temp\ccRBOtID.s:2500   .debug_str:0000000000000578 .LASF95
C:\Users\Kalle\AppData\Local\Temp\ccRBOtID.s:2360   .debug_str:0000000000000262 .LASF96
C:\Users\Kalle\AppData\Local\Temp\ccRBOtID.s:2410   .debug_str:00000000000003d5 .LASF97
C:\Users\Kalle\AppData\Local\Temp\ccRBOtID.s:2252   .debug_str:0000000000000026 .LASF98
C:\Users\Kalle\AppData\Local\Temp\ccRBOtID.s:2448   .debug_str:0000000000000485 .LASF99
C:\Users\Kalle\AppData\Local\Temp\ccRBOtID.s:2376   .debug_str:00000000000002a6 .LASF100
C:\Users\Kalle\AppData\Local\Temp\ccRBOtID.s:2486   .debug_str:0000000000000530 .LASF101
C:\Users\Kalle\AppData\Local\Temp\ccRBOtID.s:2496   .debug_str:0000000000000566 .LASF102
C:\Users\Kalle\AppData\Local\Temp\ccRBOtID.s:2480   .debug_str:0000000000000507 .LASF103
C:\Users\Kalle\AppData\Local\Temp\ccRBOtID.s:2366   .debug_str:0000000000000280 .LASF104
C:\Users\Kalle\AppData\Local\Temp\ccRBOtID.s:2514   .debug_str:00000000000005b4 .LASF105
C:\Users\Kalle\AppData\Local\Temp\ccRBOtID.s:2400   .debug_str:0000000000000395 .LASF106
C:\Users\Kalle\AppData\Local\Temp\ccRBOtID.s:2362   .debug_str:0000000000000269 .LASF107
C:\Users\Kalle\AppData\Local\Temp\ccRBOtID.s:2518   .debug_str:00000000000005cc .LASF108
C:\Users\Kalle\AppData\Local\Temp\ccRBOtID.s:2432   .debug_str:0000000000000434 .LASF109
C:\Users\Kalle\AppData\Local\Temp\ccRBOtID.s:2520   .debug_str:00000000000005d1 .LASF110
C:\Users\Kalle\AppData\Local\Temp\ccRBOtID.s:2274   .debug_str:00000000000000ac .LASF111
C:\Users\Kalle\AppData\Local\Temp\ccRBOtID.s:2504   .debug_str:0000000000000587 .LASF112
C:\Users\Kalle\AppData\Local\Temp\ccRBOtID.s:2364   .debug_str:0000000000000274 .LASF113
C:\Users\Kalle\AppData\Local\Temp\ccRBOtID.s:2490   .debug_str:000000000000053d .LASF114
C:\Users\Kalle\AppData\Local\Temp\ccRBOtID.s:2324   .debug_str:00000000000001c7 .LASF115
C:\Users\Kalle\AppData\Local\Temp\ccRBOtID.s:2270   .debug_str:0000000000000097 .LASF116
C:\Users\Kalle\AppData\Local\Temp\ccRBOtID.s:2322   .debug_str:00000000000001b6 .LASF117
C:\Users\Kalle\AppData\Local\Temp\ccRBOtID.s:2260   .debug_str:000000000000004c .LASF118
GAS LISTING C:\Users\Kalle\AppData\Local\Temp\ccRBOtID.s 			page 7


C:\Users\Kalle\AppData\Local\Temp\ccRBOtID.s:2262   .debug_str:000000000000005b .LASF119
C:\Users\Kalle\AppData\Local\Temp\ccRBOtID.s:2414   .debug_str:00000000000003e6 .LASF120
C:\Users\Kalle\AppData\Local\Temp\ccRBOtID.s:2388   .debug_str:00000000000002f3 .LASF121
C:\Users\Kalle\AppData\Local\Temp\ccRBOtID.s:2384   .debug_str:00000000000002c9 .LASF122
C:\Users\Kalle\AppData\Local\Temp\ccRBOtID.s:2510   .debug_str:00000000000005a1 .LASF123
C:\Users\Kalle\AppData\Local\Temp\ccRBOtID.s:2268   .debug_str:000000000000008c .LASF138
C:\Users\Kalle\AppData\Local\Temp\ccRBOtID.s:2332   .debug_str:00000000000001eb .LASF125
C:\Users\Kalle\AppData\Local\Temp\ccRBOtID.s:2492   .debug_str:000000000000054a .LASF126
C:\Users\Kalle\AppData\Local\Temp\ccRBOtID.s:2272   .debug_str:00000000000000a6 .LASF127
C:\Users\Kalle\AppData\Local\Temp\ccRBOtID.s:2298   .debug_str:0000000000000119 .LASF128
C:\Users\Kalle\AppData\Local\Temp\ccRBOtID.s:2344   .debug_str:0000000000000217 .LASF129
C:\Users\Kalle\AppData\Local\Temp\ccRBOtID.s:2338   .debug_str:0000000000000207 .LASF130
C:\Users\Kalle\AppData\Local\Temp\ccRBOtID.s:2456   .debug_str:00000000000004a1 .LASF131
C:\Users\Kalle\AppData\Local\Temp\ccRBOtID.s:2294   .debug_str:0000000000000106 .LASF132
C:\Users\Kalle\AppData\Local\Temp\ccRBOtID.s:2412   .debug_str:00000000000003db .LASF133
C:\Users\Kalle\AppData\Local\Temp\ccRBOtID.s:2396   .debug_str:0000000000000385 .LASF134
C:\Users\Kalle\AppData\Local\Temp\ccRBOtID.s:2296   .debug_str:000000000000010d .LASF139
C:\Users\Kalle\AppData\Local\Temp\ccRBOtID.s:49     .text.get_fattime:0000000000000000 .LFB6
C:\Users\Kalle\AppData\Local\Temp\ccRBOtID.s:90     .text.get_fattime:0000000000000040 .LFE6
C:\Users\Kalle\AppData\Local\Temp\ccRBOtID.s:2378   .debug_str:00000000000002ac .LASF140
C:\Users\Kalle\AppData\Local\Temp\ccRBOtID.s:14     .text.set_fattime:0000000000000000 .LFB5
C:\Users\Kalle\AppData\Local\Temp\ccRBOtID.s:42     .text.set_fattime:0000000000000022 .LFE5
C:\Users\Kalle\AppData\Local\Temp\ccRBOtID.s:117    .debug_info:0000000000000000 .Ldebug_info0

NO UNDEFINED SYMBOLS
