GAS LISTING C:\Users\Kalle\AppData\Local\Temp\cc2wLY8T.s 			page 1


   1              		.file	"lseek.c"
   2              		.option nopic
   3              		.attribute arch, "rv32i2p0_m2p0_a2p0_c2p0"
   4              		.attribute unaligned_access, 0
   5              		.attribute stack_align, 16
   6              		.text
   7              	.Ltext0:
   8              		.cfi_sections	.debug_frame
   9              		.section	.text._lseek,"ax",@progbits
  10              		.align	1
  11              		.globl	_lseek
  13              	_lseek:
  14              	.LFB1:
  15              		.file 1 "../../firmware/RISCV/stubs/lseek.c"
   1:../../firmware/RISCV/stubs/lseek.c **** /* See LICENSE of license details. */
   2:../../firmware/RISCV/stubs/lseek.c **** 
   3:../../firmware/RISCV/stubs/lseek.c **** #include <errno.h>
   4:../../firmware/RISCV/stubs/lseek.c **** #include <unistd.h>
   5:../../firmware/RISCV/stubs/lseek.c **** #include <sys/types.h>
   6:../../firmware/RISCV/stubs/lseek.c **** #include "stub.h"
   7:../../firmware/RISCV/stubs/lseek.c **** 
   8:../../firmware/RISCV/stubs/lseek.c **** off_t _lseek(int fd, off_t ptr, int dir)
   9:../../firmware/RISCV/stubs/lseek.c **** {
  16              		.loc 1 9 1
  17              		.cfi_startproc
  18              	.LVL0:
  10:../../firmware/RISCV/stubs/lseek.c ****   if (isatty(fd))
  19              		.loc 1 10 3
   9:../../firmware/RISCV/stubs/lseek.c ****   if (isatty(fd))
  20              		.loc 1 9 1 is_stmt 0
  21 0000 4111     		addi	sp,sp,-16
  22              	.LCFI0:
  23              		.cfi_def_cfa_offset 16
  24 0002 06C6     		sw	ra,12(sp)
  25              		.cfi_offset 1, -4
  26              		.loc 1 10 7
  27 0004 97000000 		call	isatty
  27      E7800000 
  28              	.LVL1:
  11:../../firmware/RISCV/stubs/lseek.c ****     return 0;
  12:../../firmware/RISCV/stubs/lseek.c **** 
  13:../../firmware/RISCV/stubs/lseek.c ****   return _stub(EBADF);
  14:../../firmware/RISCV/stubs/lseek.c **** }
  29              		.loc 1 14 1
  30 000c B240     		lw	ra,12(sp)
  31              		.cfi_restore 1
  10:../../firmware/RISCV/stubs/lseek.c ****     return 0;
  32              		.loc 1 10 6
  33 000e 13351500 		seqz	a0,a0
  34              		.loc 1 14 1
  35 0012 3305A040 		neg	a0,a0
  36 0016 4101     		addi	sp,sp,16
  37              	.LCFI1:
  38              		.cfi_def_cfa_offset 0
  39 0018 8280     		jr	ra
  40              		.cfi_endproc
  41              	.LFE1:
GAS LISTING C:\Users\Kalle\AppData\Local\Temp\cc2wLY8T.s 			page 2


  43              		.text
  44              	.Letext0:
  45              		.file 2 "c:\\idrotttek-kurs\\toolchain-gd32v-win\\compiler\\lib\\gcc\\riscv64-unknown-elf\\8.3.0\\
  46              		.file 3 "c:\\idrotttek-kurs\\toolchain-gd32v-win\\compiler\\riscv64-unknown-elf\\include\\sys\\_ty
  47              		.file 4 "c:\\idrotttek-kurs\\toolchain-gd32v-win\\compiler\\riscv64-unknown-elf\\include\\sys\\ree
  48              		.file 5 "c:\\idrotttek-kurs\\toolchain-gd32v-win\\compiler\\riscv64-unknown-elf\\include\\sys\\loc
  49              		.file 6 "c:\\idrotttek-kurs\\toolchain-gd32v-win\\compiler\\riscv64-unknown-elf\\include\\sys\\err
  50              		.file 7 "c:\\idrotttek-kurs\\toolchain-gd32v-win\\compiler\\riscv64-unknown-elf\\include\\sys\\typ
  51              		.file 8 "c:\\idrotttek-kurs\\toolchain-gd32v-win\\compiler\\riscv64-unknown-elf\\include\\sys\\uni
  52              		.file 9 "../../firmware/RISCV/stubs/stub.h"
GAS LISTING C:\Users\Kalle\AppData\Local\Temp\cc2wLY8T.s 			page 3


DEFINED SYMBOLS
                            *ABS*:0000000000000000 lseek.c
C:\Users\Kalle\AppData\Local\Temp\cc2wLY8T.s:13     .text._lseek:0000000000000000 _lseek
C:\Users\Kalle\AppData\Local\Temp\cc2wLY8T.s:17     .text._lseek:0000000000000000 .L0 
C:\Users\Kalle\AppData\Local\Temp\cc2wLY8T.s:19     .text._lseek:0000000000000000 .L0 
C:\Users\Kalle\AppData\Local\Temp\cc2wLY8T.s:20     .text._lseek:0000000000000000 .L0 
C:\Users\Kalle\AppData\Local\Temp\cc2wLY8T.s:21     .text._lseek:0000000000000000 .L0 
C:\Users\Kalle\AppData\Local\Temp\cc2wLY8T.s:23     .text._lseek:0000000000000002 .L0 
C:\Users\Kalle\AppData\Local\Temp\cc2wLY8T.s:25     .text._lseek:0000000000000004 .L0 
C:\Users\Kalle\AppData\Local\Temp\cc2wLY8T.s:27     .text._lseek:0000000000000004 .L0 
C:\Users\Kalle\AppData\Local\Temp\cc2wLY8T.s:30     .text._lseek:000000000000000c .L0 
C:\Users\Kalle\AppData\Local\Temp\cc2wLY8T.s:31     .text._lseek:000000000000000e .L0 
C:\Users\Kalle\AppData\Local\Temp\cc2wLY8T.s:33     .text._lseek:000000000000000e .L0 
C:\Users\Kalle\AppData\Local\Temp\cc2wLY8T.s:35     .text._lseek:0000000000000012 .L0 
C:\Users\Kalle\AppData\Local\Temp\cc2wLY8T.s:38     .text._lseek:0000000000000018 .L0 
C:\Users\Kalle\AppData\Local\Temp\cc2wLY8T.s:40     .text._lseek:000000000000001a .L0 
C:\Users\Kalle\AppData\Local\Temp\cc2wLY8T.s:43     .text._lseek:000000000000001a .L0 
                     .debug_frame:0000000000000000 .L0 
C:\Users\Kalle\AppData\Local\Temp\cc2wLY8T.s:1600   .debug_abbrev:0000000000000000 .Ldebug_abbrev0
C:\Users\Kalle\AppData\Local\Temp\cc2wLY8T.s:2361   .debug_str:000000000000030f .LASF130
C:\Users\Kalle\AppData\Local\Temp\cc2wLY8T.s:2319   .debug_str:000000000000023a .LASF131
C:\Users\Kalle\AppData\Local\Temp\cc2wLY8T.s:2271   .debug_str:0000000000000123 .LASF132
C:\Users\Kalle\AppData\Local\Temp\cc2wLY8T.s:2205   .debug_ranges:0000000000000000 .Ldebug_ranges0
C:\Users\Kalle\AppData\Local\Temp\cc2wLY8T.s:2211   .debug_line:0000000000000000 .Ldebug_line0
C:\Users\Kalle\AppData\Local\Temp\cc2wLY8T.s:2305   .debug_str:00000000000001f8 .LASF0
C:\Users\Kalle\AppData\Local\Temp\cc2wLY8T.s:2245   .debug_str:00000000000000b1 .LASF1
C:\Users\Kalle\AppData\Local\Temp\cc2wLY8T.s:2355   .debug_str:00000000000002f5 .LASF2
C:\Users\Kalle\AppData\Local\Temp\cc2wLY8T.s:2339   .debug_str:00000000000002b6 .LASF10
C:\Users\Kalle\AppData\Local\Temp\cc2wLY8T.s:2247   .debug_str:00000000000000bf .LASF3
C:\Users\Kalle\AppData\Local\Temp\cc2wLY8T.s:2375   .debug_str:00000000000003c8 .LASF4
C:\Users\Kalle\AppData\Local\Temp\cc2wLY8T.s:2381   .debug_str:00000000000003e4 .LASF5
C:\Users\Kalle\AppData\Local\Temp\cc2wLY8T.s:2325   .debug_str:000000000000026b .LASF6
C:\Users\Kalle\AppData\Local\Temp\cc2wLY8T.s:2263   .debug_str:0000000000000104 .LASF7
C:\Users\Kalle\AppData\Local\Temp\cc2wLY8T.s:2313   .debug_str:000000000000021c .LASF8
C:\Users\Kalle\AppData\Local\Temp\cc2wLY8T.s:2231   .debug_str:000000000000005a .LASF9
C:\Users\Kalle\AppData\Local\Temp\cc2wLY8T.s:2369   .debug_str:00000000000003a5 .LASF11
C:\Users\Kalle\AppData\Local\Temp\cc2wLY8T.s:2215   .debug_str:000000000000000c .LASF12
C:\Users\Kalle\AppData\Local\Temp\cc2wLY8T.s:2427   .debug_str:00000000000004b6 .LASF13
C:\Users\Kalle\AppData\Local\Temp\cc2wLY8T.s:2461   .debug_str:000000000000054b .LASF14
C:\Users\Kalle\AppData\Local\Temp\cc2wLY8T.s:2335   .debug_str:00000000000002a8 .LASF15
C:\Users\Kalle\AppData\Local\Temp\cc2wLY8T.s:2307   .debug_str:0000000000000205 .LASF16
C:\Users\Kalle\AppData\Local\Temp\cc2wLY8T.s:2419   .debug_str:0000000000000494 .LASF17
C:\Users\Kalle\AppData\Local\Temp\cc2wLY8T.s:2421   .debug_str:000000000000049c .LASF18
C:\Users\Kalle\AppData\Local\Temp\cc2wLY8T.s:2391   .debug_str:000000000000040c .LASF19
C:\Users\Kalle\AppData\Local\Temp\cc2wLY8T.s:2447   .debug_str:0000000000000501 .LASF20
C:\Users\Kalle\AppData\Local\Temp\cc2wLY8T.s:2373   .debug_str:00000000000003b6 .LASF21
C:\Users\Kalle\AppData\Local\Temp\cc2wLY8T.s:2291   .debug_str:00000000000001bb .LASF22
C:\Users\Kalle\AppData\Local\Temp\cc2wLY8T.s:2295   .debug_str:00000000000001cc .LASF27
C:\Users\Kalle\AppData\Local\Temp\cc2wLY8T.s:2439   .debug_str:00000000000004e0 .LASF23
C:\Users\Kalle\AppData\Local\Temp\cc2wLY8T.s:2413   .debug_str:000000000000047f .LASF24
C:\Users\Kalle\AppData\Local\Temp\cc2wLY8T.s:2289   .debug_str:00000000000001b5 .LASF25
C:\Users\Kalle\AppData\Local\Temp\cc2wLY8T.s:2455   .debug_str:0000000000000536 .LASF26
C:\Users\Kalle\AppData\Local\Temp\cc2wLY8T.s:2303   .debug_str:00000000000001f3 .LASF28
C:\Users\Kalle\AppData\Local\Temp\cc2wLY8T.s:2243   .debug_str:00000000000000a8 .LASF29
C:\Users\Kalle\AppData\Local\Temp\cc2wLY8T.s:2433   .debug_str:00000000000004ca .LASF30
C:\Users\Kalle\AppData\Local\Temp\cc2wLY8T.s:2253   .debug_str:00000000000000d7 .LASF31
C:\Users\Kalle\AppData\Local\Temp\cc2wLY8T.s:2485   .debug_str:00000000000005b6 .LASF32
GAS LISTING C:\Users\Kalle\AppData\Local\Temp\cc2wLY8T.s 			page 4


C:\Users\Kalle\AppData\Local\Temp\cc2wLY8T.s:2363   .debug_str:0000000000000389 .LASF33
C:\Users\Kalle\AppData\Local\Temp\cc2wLY8T.s:2349   .debug_str:00000000000002db .LASF34
C:\Users\Kalle\AppData\Local\Temp\cc2wLY8T.s:2457   .debug_str:000000000000053b .LASF35
C:\Users\Kalle\AppData\Local\Temp\cc2wLY8T.s:2383   .debug_str:00000000000003ee .LASF36
C:\Users\Kalle\AppData\Local\Temp\cc2wLY8T.s:2471   .debug_str:0000000000000576 .LASF37
C:\Users\Kalle\AppData\Local\Temp\cc2wLY8T.s:2257   .debug_str:00000000000000e6 .LASF38
C:\Users\Kalle\AppData\Local\Temp\cc2wLY8T.s:2285   .debug_str:00000000000001a8 .LASF39
C:\Users\Kalle\AppData\Local\Temp\cc2wLY8T.s:2213   .debug_str:0000000000000000 .LASF40
C:\Users\Kalle\AppData\Local\Temp\cc2wLY8T.s:2443   .debug_str:00000000000004f3 .LASF41
C:\Users\Kalle\AppData\Local\Temp\cc2wLY8T.s:2267   .debug_str:0000000000000114 .LASF42
C:\Users\Kalle\AppData\Local\Temp\cc2wLY8T.s:2365   .debug_str:0000000000000392 .LASF43
C:\Users\Kalle\AppData\Local\Temp\cc2wLY8T.s:2405   .debug_str:000000000000044f .LASF44
C:\Users\Kalle\AppData\Local\Temp\cc2wLY8T.s:2287   .debug_str:00000000000001b0 .LASF45
C:\Users\Kalle\AppData\Local\Temp\cc2wLY8T.s:2385   .debug_str:00000000000003f8 .LASF46
C:\Users\Kalle\AppData\Local\Temp\cc2wLY8T.s:2251   .debug_str:00000000000000d1 .LASF47
C:\Users\Kalle\AppData\Local\Temp\cc2wLY8T.s:2219   .debug_str:000000000000001b .LASF48
C:\Users\Kalle\AppData\Local\Temp\cc2wLY8T.s:2393   .debug_str:0000000000000417 .LASF49
C:\Users\Kalle\AppData\Local\Temp\cc2wLY8T.s:2265   .debug_str:000000000000010d .LASF50
C:\Users\Kalle\AppData\Local\Temp\cc2wLY8T.s:2315   .debug_str:000000000000022e .LASF51
C:\Users\Kalle\AppData\Local\Temp\cc2wLY8T.s:2233   .debug_str:0000000000000071 .LASF52
C:\Users\Kalle\AppData\Local\Temp\cc2wLY8T.s:2259   .debug_str:00000000000000f4 .LASF53
C:\Users\Kalle\AppData\Local\Temp\cc2wLY8T.s:2299   .debug_str:00000000000001e3 .LASF54
C:\Users\Kalle\AppData\Local\Temp\cc2wLY8T.s:2347   .debug_str:00000000000002d4 .LASF55
C:\Users\Kalle\AppData\Local\Temp\cc2wLY8T.s:2423   .debug_str:00000000000004a4 .LASF56
C:\Users\Kalle\AppData\Local\Temp\cc2wLY8T.s:2475   .debug_str:0000000000000590 .LASF57
C:\Users\Kalle\AppData\Local\Temp\cc2wLY8T.s:2249   .debug_str:00000000000000cb .LASF58
C:\Users\Kalle\AppData\Local\Temp\cc2wLY8T.s:2467   .debug_str:0000000000000568 .LASF59
C:\Users\Kalle\AppData\Local\Temp\cc2wLY8T.s:2273   .debug_str:0000000000000163 .LASF60
C:\Users\Kalle\AppData\Local\Temp\cc2wLY8T.s:2279   .debug_str:0000000000000181 .LASF61
C:\Users\Kalle\AppData\Local\Temp\cc2wLY8T.s:2225   .debug_str:0000000000000034 .LASF62
C:\Users\Kalle\AppData\Local\Temp\cc2wLY8T.s:2341   .debug_str:00000000000002bd .LASF63
C:\Users\Kalle\AppData\Local\Temp\cc2wLY8T.s:2397   .debug_str:0000000000000429 .LASF64
C:\Users\Kalle\AppData\Local\Temp\cc2wLY8T.s:2343   .debug_str:00000000000002c3 .LASF65
C:\Users\Kalle\AppData\Local\Temp\cc2wLY8T.s:2415   .debug_str:0000000000000487 .LASF66
C:\Users\Kalle\AppData\Local\Temp\cc2wLY8T.s:2429   .debug_str:00000000000004be .LASF67
C:\Users\Kalle\AppData\Local\Temp\cc2wLY8T.s:2269   .debug_str:000000000000011c .LASF68
C:\Users\Kalle\AppData\Local\Temp\cc2wLY8T.s:2309   .debug_str:000000000000020c .LASF69
C:\Users\Kalle\AppData\Local\Temp\cc2wLY8T.s:2293   .debug_str:00000000000001c4 .LASF70
C:\Users\Kalle\AppData\Local\Temp\cc2wLY8T.s:2403   .debug_str:000000000000044a .LASF71
C:\Users\Kalle\AppData\Local\Temp\cc2wLY8T.s:2223   .debug_str:0000000000000029 .LASF72
C:\Users\Kalle\AppData\Local\Temp\cc2wLY8T.s:2411   .debug_str:0000000000000466 .LASF73
C:\Users\Kalle\AppData\Local\Temp\cc2wLY8T.s:2407   .debug_str:0000000000000454 .LASF74
C:\Users\Kalle\AppData\Local\Temp\cc2wLY8T.s:2367   .debug_str:000000000000039a .LASF75
C:\Users\Kalle\AppData\Local\Temp\cc2wLY8T.s:2409   .debug_str:000000000000045c .LASF76
C:\Users\Kalle\AppData\Local\Temp\cc2wLY8T.s:2333   .debug_str:00000000000002a0 .LASF77
C:\Users\Kalle\AppData\Local\Temp\cc2wLY8T.s:2301   .debug_str:00000000000001e9 .LASF78
C:\Users\Kalle\AppData\Local\Temp\cc2wLY8T.s:2483   .debug_str:00000000000005b1 .LASF79
C:\Users\Kalle\AppData\Local\Temp\cc2wLY8T.s:2371   .debug_str:00000000000003ac .LASF80
C:\Users\Kalle\AppData\Local\Temp\cc2wLY8T.s:2311   .debug_str:0000000000000214 .LASF81
C:\Users\Kalle\AppData\Local\Temp\cc2wLY8T.s:2277   .debug_str:0000000000000179 .LASF82
C:\Users\Kalle\AppData\Local\Temp\cc2wLY8T.s:2377   .debug_str:00000000000003d6 .LASF83
C:\Users\Kalle\AppData\Local\Temp\cc2wLY8T.s:2327   .debug_str:000000000000027e .LASF84
C:\Users\Kalle\AppData\Local\Temp\cc2wLY8T.s:2465   .debug_str:000000000000055e .LASF85
C:\Users\Kalle\AppData\Local\Temp\cc2wLY8T.s:2261   .debug_str:00000000000000fc .LASF86
C:\Users\Kalle\AppData\Local\Temp\cc2wLY8T.s:2255   .debug_str:00000000000000e1 .LASF87
C:\Users\Kalle\AppData\Local\Temp\cc2wLY8T.s:2431   .debug_str:00000000000004c5 .LASF88
C:\Users\Kalle\AppData\Local\Temp\cc2wLY8T.s:2389   .debug_str:0000000000000405 .LASF89
GAS LISTING C:\Users\Kalle\AppData\Local\Temp\cc2wLY8T.s 			page 5


C:\Users\Kalle\AppData\Local\Temp\cc2wLY8T.s:2459   .debug_str:0000000000000545 .LASF90
C:\Users\Kalle\AppData\Local\Temp\cc2wLY8T.s:2321   .debug_str:000000000000025d .LASF91
C:\Users\Kalle\AppData\Local\Temp\cc2wLY8T.s:2387   .debug_str:00000000000003ff .LASF92
C:\Users\Kalle\AppData\Local\Temp\cc2wLY8T.s:2221   .debug_str:0000000000000021 .LASF93
C:\Users\Kalle\AppData\Local\Temp\cc2wLY8T.s:2417   .debug_str:000000000000048e .LASF94
C:\Users\Kalle\AppData\Local\Temp\cc2wLY8T.s:2437   .debug_str:00000000000004da .LASF95
C:\Users\Kalle\AppData\Local\Temp\cc2wLY8T.s:2445   .debug_str:00000000000004fc .LASF96
C:\Users\Kalle\AppData\Local\Temp\cc2wLY8T.s:2453   .debug_str:0000000000000529 .LASF97
C:\Users\Kalle\AppData\Local\Temp\cc2wLY8T.s:2441   .debug_str:00000000000004e6 .LASF98
C:\Users\Kalle\AppData\Local\Temp\cc2wLY8T.s:2331   .debug_str:0000000000000293 .LASF99
C:\Users\Kalle\AppData\Local\Temp\cc2wLY8T.s:2473   .debug_str:0000000000000581 .LASF100
C:\Users\Kalle\AppData\Local\Temp\cc2wLY8T.s:2297   .debug_str:00000000000001d4 .LASF101
C:\Users\Kalle\AppData\Local\Temp\cc2wLY8T.s:2399   .debug_str:0000000000000432 .LASF102
C:\Users\Kalle\AppData\Local\Temp\cc2wLY8T.s:2477   .debug_str:0000000000000597 .LASF103
C:\Users\Kalle\AppData\Local\Temp\cc2wLY8T.s:2401   .debug_str:000000000000043d .LASF104
C:\Users\Kalle\AppData\Local\Temp\cc2wLY8T.s:2481   .debug_str:00000000000005a3 .LASF105
C:\Users\Kalle\AppData\Local\Temp\cc2wLY8T.s:2241   .debug_str:000000000000009a .LASF106
C:\Users\Kalle\AppData\Local\Temp\cc2wLY8T.s:2463   .debug_str:0000000000000554 .LASF107
C:\Users\Kalle\AppData\Local\Temp\cc2wLY8T.s:2329   .debug_str:0000000000000287 .LASF108
C:\Users\Kalle\AppData\Local\Temp\cc2wLY8T.s:2449   .debug_str:0000000000000509 .LASF109
C:\Users\Kalle\AppData\Local\Temp\cc2wLY8T.s:2283   .debug_str:000000000000019a .LASF110
C:\Users\Kalle\AppData\Local\Temp\cc2wLY8T.s:2239   .debug_str:000000000000008b .LASF111
C:\Users\Kalle\AppData\Local\Temp\cc2wLY8T.s:2281   .debug_str:0000000000000189 .LASF112
C:\Users\Kalle\AppData\Local\Temp\cc2wLY8T.s:2227   .debug_str:000000000000003a .LASF113
C:\Users\Kalle\AppData\Local\Temp\cc2wLY8T.s:2229   .debug_str:0000000000000049 .LASF114
C:\Users\Kalle\AppData\Local\Temp\cc2wLY8T.s:2379   .debug_str:00000000000003db .LASF115
C:\Users\Kalle\AppData\Local\Temp\cc2wLY8T.s:2359   .debug_str:0000000000000308 .LASF116
C:\Users\Kalle\AppData\Local\Temp\cc2wLY8T.s:2351   .debug_str:00000000000002e5 .LASF117
C:\Users\Kalle\AppData\Local\Temp\cc2wLY8T.s:2469   .debug_str:000000000000056e .LASF118
C:\Users\Kalle\AppData\Local\Temp\cc2wLY8T.s:2235   .debug_str:000000000000007a .LASF133
C:\Users\Kalle\AppData\Local\Temp\cc2wLY8T.s:2425   .debug_str:00000000000004aa .LASF119
C:\Users\Kalle\AppData\Local\Temp\cc2wLY8T.s:2451   .debug_str:0000000000000516 .LASF120
C:\Users\Kalle\AppData\Local\Temp\cc2wLY8T.s:2275   .debug_str:000000000000016c .LASF121
C:\Users\Kalle\AppData\Local\Temp\cc2wLY8T.s:2395   .debug_str:000000000000041f .LASF122
C:\Users\Kalle\AppData\Local\Temp\cc2wLY8T.s:2317   .debug_str:0000000000000234 .LASF123
C:\Users\Kalle\AppData\Local\Temp\cc2wLY8T.s:2337   .debug_str:00000000000002ae .LASF124
C:\Users\Kalle\AppData\Local\Temp\cc2wLY8T.s:2353   .debug_str:00000000000002ee .LASF125
C:\Users\Kalle\AppData\Local\Temp\cc2wLY8T.s:2357   .debug_str:0000000000000301 .LASF126
C:\Users\Kalle\AppData\Local\Temp\cc2wLY8T.s:2435   .debug_str:00000000000004d3 .LASF127
C:\Users\Kalle\AppData\Local\Temp\cc2wLY8T.s:2479   .debug_str:000000000000059c .LASF128
C:\Users\Kalle\AppData\Local\Temp\cc2wLY8T.s:2345   .debug_str:00000000000002cb .LASF129
C:\Users\Kalle\AppData\Local\Temp\cc2wLY8T.s:2323   .debug_str:0000000000000264 .LASF134
C:\Users\Kalle\AppData\Local\Temp\cc2wLY8T.s:14     .text._lseek:0000000000000000 .LFB1
C:\Users\Kalle\AppData\Local\Temp\cc2wLY8T.s:41     .text._lseek:000000000000001a .LFE1
C:\Users\Kalle\AppData\Local\Temp\cc2wLY8T.s:2132   .debug_loc:0000000000000000 .LLST0
C:\Users\Kalle\AppData\Local\Temp\cc2wLY8T.s:2150   .debug_loc:000000000000002c .LLST1
C:\Users\Kalle\AppData\Local\Temp\cc2wLY8T.s:2164   .debug_loc:000000000000004d .LLST2
C:\Users\Kalle\AppData\Local\Temp\cc2wLY8T.s:2178   .debug_loc:000000000000006e .LLST3
C:\Users\Kalle\AppData\Local\Temp\cc2wLY8T.s:28     .text._lseek:000000000000000c .LVL1
C:\Users\Kalle\AppData\Local\Temp\cc2wLY8T.s:2237   .debug_str:0000000000000085 .LASF135
C:\Users\Kalle\AppData\Local\Temp\cc2wLY8T.s:2217   .debug_str:0000000000000014 .LASF136
C:\Users\Kalle\AppData\Local\Temp\cc2wLY8T.s:22     .text._lseek:0000000000000002 .LCFI0
C:\Users\Kalle\AppData\Local\Temp\cc2wLY8T.s:37     .text._lseek:0000000000000018 .LCFI1
C:\Users\Kalle\AppData\Local\Temp\cc2wLY8T.s:18     .text._lseek:0000000000000000 .LVL0
C:\Users\Kalle\AppData\Local\Temp\cc2wLY8T.s:54     .debug_info:0000000000000000 .Ldebug_info0

UNDEFINED SYMBOLS
GAS LISTING C:\Users\Kalle\AppData\Local\Temp\cc2wLY8T.s 			page 6


isatty
