GAS LISTING C:\Users\Kalle\AppData\Local\Temp\ccx2szLG.s 			page 1


   1              		.file	"read.c"
   2              		.option nopic
   3              		.attribute arch, "rv32i2p0_m2p0_a2p0_c2p0"
   4              		.attribute unaligned_access, 0
   5              		.attribute stack_align, 16
   6              		.text
   7              	.Ltext0:
   8              		.cfi_sections	.debug_frame
   9              		.section	.text._read,"ax",@progbits
  10              		.align	1
  11              		.globl	_read
  13              	_read:
  14              	.LFB1:
  15              		.file 1 "../../firmware/RISCV/stubs/read.c"
   1:../../firmware/RISCV/stubs/read.c **** /* See LICENSE of license details. */
   2:../../firmware/RISCV/stubs/read.c **** 
   3:../../firmware/RISCV/stubs/read.c **** #include <stdint.h>
   4:../../firmware/RISCV/stubs/read.c **** #include <errno.h>
   5:../../firmware/RISCV/stubs/read.c **** #include <unistd.h>
   6:../../firmware/RISCV/stubs/read.c **** #include <sys/types.h>
   7:../../firmware/RISCV/stubs/read.c **** 
   8:../../firmware/RISCV/stubs/read.c **** #include "stub.h"
   9:../../firmware/RISCV/stubs/read.c **** 
  10:../../firmware/RISCV/stubs/read.c **** ssize_t _read(int fd, void* ptr, size_t len)
  11:../../firmware/RISCV/stubs/read.c **** {
  16              		.loc 1 11 1
  17              		.cfi_startproc
  18              	.LVL0:
  12:../../firmware/RISCV/stubs/read.c ****   return _stub(EBADF);
  19              		.loc 1 12 3
  20              		.file 2 "../../firmware/RISCV/stubs/stub.h"
   1:../../firmware/RISCV/stubs/stub.h **** /* See LICENSE of license details. */
   2:../../firmware/RISCV/stubs/stub.h **** #ifndef _NUCLEI_SYS_STUB_H
   3:../../firmware/RISCV/stubs/stub.h **** #define _NUCLEI_SYS_STUB_H
   4:../../firmware/RISCV/stubs/stub.h **** 
   5:../../firmware/RISCV/stubs/stub.h **** #include <stdint.h>
   6:../../firmware/RISCV/stubs/stub.h **** #if   defined (__GNUC__)
   7:../../firmware/RISCV/stubs/stub.h **** #include <unistd.h>
   8:../../firmware/RISCV/stubs/stub.h **** #endif
   9:../../firmware/RISCV/stubs/stub.h **** 
  10:../../firmware/RISCV/stubs/stub.h **** void write_hex(int fd, unsigned long int hex);
  11:../../firmware/RISCV/stubs/stub.h **** 
  12:../../firmware/RISCV/stubs/stub.h **** static inline int _stub(int err)
  13:../../firmware/RISCV/stubs/stub.h **** {
  14:../../firmware/RISCV/stubs/stub.h ****   return -1;
  21              		.loc 2 14 3
  13:../../firmware/RISCV/stubs/read.c **** }
  22              		.loc 1 13 1 is_stmt 0
  23 0000 7D55     		li	a0,-1
  24              	.LVL1:
  25 0002 8280     		ret
  26              		.cfi_endproc
  27              	.LFE1:
  29              		.text
  30              	.Letext0:
  31              		.file 3 "c:\\idrotttek-kurs\\toolchain-gd32v-win\\compiler\\lib\\gcc\\riscv64-unknown-elf\\8.3.0\\
  32              		.file 4 "c:\\idrotttek-kurs\\toolchain-gd32v-win\\compiler\\riscv64-unknown-elf\\include\\sys\\_ty
GAS LISTING C:\Users\Kalle\AppData\Local\Temp\ccx2szLG.s 			page 2


  33              		.file 5 "c:\\idrotttek-kurs\\toolchain-gd32v-win\\compiler\\riscv64-unknown-elf\\include\\sys\\ree
  34              		.file 6 "c:\\idrotttek-kurs\\toolchain-gd32v-win\\compiler\\riscv64-unknown-elf\\include\\sys\\loc
  35              		.file 7 "c:\\idrotttek-kurs\\toolchain-gd32v-win\\compiler\\riscv64-unknown-elf\\include\\sys\\err
  36              		.file 8 "c:\\idrotttek-kurs\\toolchain-gd32v-win\\compiler\\riscv64-unknown-elf\\include\\sys\\typ
  37              		.file 9 "c:\\idrotttek-kurs\\toolchain-gd32v-win\\compiler\\riscv64-unknown-elf\\include\\sys\\uni
GAS LISTING C:\Users\Kalle\AppData\Local\Temp\ccx2szLG.s 			page 3


DEFINED SYMBOLS
                            *ABS*:0000000000000000 read.c
C:\Users\Kalle\AppData\Local\Temp\ccx2szLG.s:13     .text._read:0000000000000000 _read
C:\Users\Kalle\AppData\Local\Temp\ccx2szLG.s:17     .text._read:0000000000000000 .L0 
C:\Users\Kalle\AppData\Local\Temp\ccx2szLG.s:19     .text._read:0000000000000000 .L0 
C:\Users\Kalle\AppData\Local\Temp\ccx2szLG.s:21     .text._read:0000000000000000 .L0 
C:\Users\Kalle\AppData\Local\Temp\ccx2szLG.s:22     .text._read:0000000000000000 .L0 
C:\Users\Kalle\AppData\Local\Temp\ccx2szLG.s:23     .text._read:0000000000000000 .L0 
C:\Users\Kalle\AppData\Local\Temp\ccx2szLG.s:26     .text._read:0000000000000004 .L0 
C:\Users\Kalle\AppData\Local\Temp\ccx2szLG.s:29     .text._read:0000000000000004 .L0 
                     .debug_frame:0000000000000000 .L0 
C:\Users\Kalle\AppData\Local\Temp\ccx2szLG.s:1569   .debug_abbrev:0000000000000000 .Ldebug_abbrev0
C:\Users\Kalle\AppData\Local\Temp\ccx2szLG.s:2258   .debug_str:0000000000000301 .LASF130
C:\Users\Kalle\AppData\Local\Temp\ccx2szLG.s:2116   .debug_str:000000000000000c .LASF131
C:\Users\Kalle\AppData\Local\Temp\ccx2szLG.s:2174   .debug_str:0000000000000145 .LASF132
C:\Users\Kalle\AppData\Local\Temp\ccx2szLG.s:2106   .debug_ranges:0000000000000000 .Ldebug_ranges0
C:\Users\Kalle\AppData\Local\Temp\ccx2szLG.s:2112   .debug_line:0000000000000000 .Ldebug_line0
C:\Users\Kalle\AppData\Local\Temp\ccx2szLG.s:2150   .debug_str:00000000000000e1 .LASF0
C:\Users\Kalle\AppData\Local\Temp\ccx2szLG.s:2272   .debug_str:00000000000003ba .LASF1
C:\Users\Kalle\AppData\Local\Temp\ccx2szLG.s:2278   .debug_str:00000000000003d6 .LASF2
C:\Users\Kalle\AppData\Local\Temp\ccx2szLG.s:2222   .debug_str:000000000000025d .LASF3
C:\Users\Kalle\AppData\Local\Temp\ccx2szLG.s:2166   .debug_str:0000000000000126 .LASF4
C:\Users\Kalle\AppData\Local\Temp\ccx2szLG.s:2216   .debug_str:000000000000023e .LASF5
C:\Users\Kalle\AppData\Local\Temp\ccx2szLG.s:2148   .debug_str:00000000000000d3 .LASF6
C:\Users\Kalle\AppData\Local\Temp\ccx2szLG.s:2134   .debug_str:000000000000007c .LASF7
C:\Users\Kalle\AppData\Local\Temp\ccx2szLG.s:2208   .debug_str:000000000000021a .LASF8
C:\Users\Kalle\AppData\Local\Temp\ccx2szLG.s:2120   .debug_str:0000000000000034 .LASF10
C:\Users\Kalle\AppData\Local\Temp\ccx2szLG.s:2252   .debug_str:00000000000002e7 .LASF9
C:\Users\Kalle\AppData\Local\Temp\ccx2szLG.s:2236   .debug_str:00000000000002a8 .LASF11
C:\Users\Kalle\AppData\Local\Temp\ccx2szLG.s:2266   .debug_str:0000000000000397 .LASF12
C:\Users\Kalle\AppData\Local\Temp\ccx2szLG.s:2324   .debug_str:00000000000004a8 .LASF13
C:\Users\Kalle\AppData\Local\Temp\ccx2szLG.s:2358   .debug_str:000000000000053d .LASF14
C:\Users\Kalle\AppData\Local\Temp\ccx2szLG.s:2232   .debug_str:000000000000029a .LASF15
C:\Users\Kalle\AppData\Local\Temp\ccx2szLG.s:2210   .debug_str:0000000000000227 .LASF16
C:\Users\Kalle\AppData\Local\Temp\ccx2szLG.s:2316   .debug_str:0000000000000486 .LASF17
C:\Users\Kalle\AppData\Local\Temp\ccx2szLG.s:2318   .debug_str:000000000000048e .LASF18
C:\Users\Kalle\AppData\Local\Temp\ccx2szLG.s:2288   .debug_str:00000000000003fe .LASF19
C:\Users\Kalle\AppData\Local\Temp\ccx2szLG.s:2344   .debug_str:00000000000004f3 .LASF20
C:\Users\Kalle\AppData\Local\Temp\ccx2szLG.s:2270   .debug_str:00000000000003a8 .LASF21
C:\Users\Kalle\AppData\Local\Temp\ccx2szLG.s:2194   .debug_str:00000000000001dd .LASF22
C:\Users\Kalle\AppData\Local\Temp\ccx2szLG.s:2198   .debug_str:00000000000001ee .LASF27
C:\Users\Kalle\AppData\Local\Temp\ccx2szLG.s:2336   .debug_str:00000000000004d2 .LASF23
C:\Users\Kalle\AppData\Local\Temp\ccx2szLG.s:2310   .debug_str:0000000000000471 .LASF24
C:\Users\Kalle\AppData\Local\Temp\ccx2szLG.s:2192   .debug_str:00000000000001d7 .LASF25
C:\Users\Kalle\AppData\Local\Temp\ccx2szLG.s:2352   .debug_str:0000000000000528 .LASF26
C:\Users\Kalle\AppData\Local\Temp\ccx2szLG.s:2206   .debug_str:0000000000000215 .LASF28
C:\Users\Kalle\AppData\Local\Temp\ccx2szLG.s:2146   .debug_str:00000000000000ca .LASF29
C:\Users\Kalle\AppData\Local\Temp\ccx2szLG.s:2330   .debug_str:00000000000004bc .LASF30
C:\Users\Kalle\AppData\Local\Temp\ccx2szLG.s:2156   .debug_str:00000000000000f9 .LASF31
C:\Users\Kalle\AppData\Local\Temp\ccx2szLG.s:2382   .debug_str:00000000000005a8 .LASF32
C:\Users\Kalle\AppData\Local\Temp\ccx2szLG.s:2260   .debug_str:000000000000037b .LASF33
C:\Users\Kalle\AppData\Local\Temp\ccx2szLG.s:2246   .debug_str:00000000000002cd .LASF34
C:\Users\Kalle\AppData\Local\Temp\ccx2szLG.s:2354   .debug_str:000000000000052d .LASF35
C:\Users\Kalle\AppData\Local\Temp\ccx2szLG.s:2280   .debug_str:00000000000003e0 .LASF36
C:\Users\Kalle\AppData\Local\Temp\ccx2szLG.s:2368   .debug_str:0000000000000568 .LASF37
C:\Users\Kalle\AppData\Local\Temp\ccx2szLG.s:2160   .debug_str:0000000000000108 .LASF38
C:\Users\Kalle\AppData\Local\Temp\ccx2szLG.s:2188   .debug_str:00000000000001ca .LASF39
GAS LISTING C:\Users\Kalle\AppData\Local\Temp\ccx2szLG.s 			page 4


C:\Users\Kalle\AppData\Local\Temp\ccx2szLG.s:2114   .debug_str:0000000000000000 .LASF40
C:\Users\Kalle\AppData\Local\Temp\ccx2szLG.s:2340   .debug_str:00000000000004e5 .LASF41
C:\Users\Kalle\AppData\Local\Temp\ccx2szLG.s:2170   .debug_str:0000000000000136 .LASF42
C:\Users\Kalle\AppData\Local\Temp\ccx2szLG.s:2262   .debug_str:0000000000000384 .LASF43
C:\Users\Kalle\AppData\Local\Temp\ccx2szLG.s:2302   .debug_str:0000000000000441 .LASF44
C:\Users\Kalle\AppData\Local\Temp\ccx2szLG.s:2190   .debug_str:00000000000001d2 .LASF45
C:\Users\Kalle\AppData\Local\Temp\ccx2szLG.s:2282   .debug_str:00000000000003ea .LASF46
C:\Users\Kalle\AppData\Local\Temp\ccx2szLG.s:2154   .debug_str:00000000000000f3 .LASF47
C:\Users\Kalle\AppData\Local\Temp\ccx2szLG.s:2118   .debug_str:000000000000002e .LASF48
C:\Users\Kalle\AppData\Local\Temp\ccx2szLG.s:2290   .debug_str:0000000000000409 .LASF49
C:\Users\Kalle\AppData\Local\Temp\ccx2szLG.s:2168   .debug_str:000000000000012f .LASF50
C:\Users\Kalle\AppData\Local\Temp\ccx2szLG.s:2218   .debug_str:0000000000000250 .LASF51
C:\Users\Kalle\AppData\Local\Temp\ccx2szLG.s:2136   .debug_str:0000000000000093 .LASF52
C:\Users\Kalle\AppData\Local\Temp\ccx2szLG.s:2162   .debug_str:0000000000000116 .LASF53
C:\Users\Kalle\AppData\Local\Temp\ccx2szLG.s:2202   .debug_str:0000000000000205 .LASF54
C:\Users\Kalle\AppData\Local\Temp\ccx2szLG.s:2244   .debug_str:00000000000002c6 .LASF55
C:\Users\Kalle\AppData\Local\Temp\ccx2szLG.s:2320   .debug_str:0000000000000496 .LASF56
C:\Users\Kalle\AppData\Local\Temp\ccx2szLG.s:2372   .debug_str:0000000000000582 .LASF57
C:\Users\Kalle\AppData\Local\Temp\ccx2szLG.s:2152   .debug_str:00000000000000ed .LASF58
C:\Users\Kalle\AppData\Local\Temp\ccx2szLG.s:2364   .debug_str:000000000000055a .LASF59
C:\Users\Kalle\AppData\Local\Temp\ccx2szLG.s:2176   .debug_str:0000000000000185 .LASF60
C:\Users\Kalle\AppData\Local\Temp\ccx2szLG.s:2182   .debug_str:00000000000001a3 .LASF61
C:\Users\Kalle\AppData\Local\Temp\ccx2szLG.s:2128   .debug_str:0000000000000056 .LASF62
C:\Users\Kalle\AppData\Local\Temp\ccx2szLG.s:2238   .debug_str:00000000000002af .LASF63
C:\Users\Kalle\AppData\Local\Temp\ccx2szLG.s:2294   .debug_str:000000000000041b .LASF64
C:\Users\Kalle\AppData\Local\Temp\ccx2szLG.s:2240   .debug_str:00000000000002b5 .LASF65
C:\Users\Kalle\AppData\Local\Temp\ccx2szLG.s:2312   .debug_str:0000000000000479 .LASF66
C:\Users\Kalle\AppData\Local\Temp\ccx2szLG.s:2326   .debug_str:00000000000004b0 .LASF67
C:\Users\Kalle\AppData\Local\Temp\ccx2szLG.s:2172   .debug_str:000000000000013e .LASF68
C:\Users\Kalle\AppData\Local\Temp\ccx2szLG.s:2212   .debug_str:000000000000022e .LASF69
C:\Users\Kalle\AppData\Local\Temp\ccx2szLG.s:2196   .debug_str:00000000000001e6 .LASF70
C:\Users\Kalle\AppData\Local\Temp\ccx2szLG.s:2300   .debug_str:000000000000043c .LASF71
C:\Users\Kalle\AppData\Local\Temp\ccx2szLG.s:2124   .debug_str:0000000000000043 .LASF72
C:\Users\Kalle\AppData\Local\Temp\ccx2szLG.s:2308   .debug_str:0000000000000458 .LASF73
C:\Users\Kalle\AppData\Local\Temp\ccx2szLG.s:2304   .debug_str:0000000000000446 .LASF74
C:\Users\Kalle\AppData\Local\Temp\ccx2szLG.s:2264   .debug_str:000000000000038c .LASF75
C:\Users\Kalle\AppData\Local\Temp\ccx2szLG.s:2306   .debug_str:000000000000044e .LASF76
C:\Users\Kalle\AppData\Local\Temp\ccx2szLG.s:2230   .debug_str:0000000000000292 .LASF77
C:\Users\Kalle\AppData\Local\Temp\ccx2szLG.s:2204   .debug_str:000000000000020b .LASF78
C:\Users\Kalle\AppData\Local\Temp\ccx2szLG.s:2380   .debug_str:00000000000005a3 .LASF79
C:\Users\Kalle\AppData\Local\Temp\ccx2szLG.s:2268   .debug_str:000000000000039e .LASF80
C:\Users\Kalle\AppData\Local\Temp\ccx2szLG.s:2214   .debug_str:0000000000000236 .LASF81
C:\Users\Kalle\AppData\Local\Temp\ccx2szLG.s:2180   .debug_str:000000000000019b .LASF82
C:\Users\Kalle\AppData\Local\Temp\ccx2szLG.s:2274   .debug_str:00000000000003c8 .LASF83
C:\Users\Kalle\AppData\Local\Temp\ccx2szLG.s:2224   .debug_str:0000000000000270 .LASF84
C:\Users\Kalle\AppData\Local\Temp\ccx2szLG.s:2362   .debug_str:0000000000000550 .LASF85
C:\Users\Kalle\AppData\Local\Temp\ccx2szLG.s:2164   .debug_str:000000000000011e .LASF86
C:\Users\Kalle\AppData\Local\Temp\ccx2szLG.s:2158   .debug_str:0000000000000103 .LASF87
C:\Users\Kalle\AppData\Local\Temp\ccx2szLG.s:2328   .debug_str:00000000000004b7 .LASF88
C:\Users\Kalle\AppData\Local\Temp\ccx2szLG.s:2286   .debug_str:00000000000003f7 .LASF89
C:\Users\Kalle\AppData\Local\Temp\ccx2szLG.s:2356   .debug_str:0000000000000537 .LASF90
C:\Users\Kalle\AppData\Local\Temp\ccx2szLG.s:2220   .debug_str:0000000000000256 .LASF91
C:\Users\Kalle\AppData\Local\Temp\ccx2szLG.s:2284   .debug_str:00000000000003f1 .LASF92
C:\Users\Kalle\AppData\Local\Temp\ccx2szLG.s:2122   .debug_str:000000000000003b .LASF93
C:\Users\Kalle\AppData\Local\Temp\ccx2szLG.s:2314   .debug_str:0000000000000480 .LASF94
C:\Users\Kalle\AppData\Local\Temp\ccx2szLG.s:2334   .debug_str:00000000000004cc .LASF95
C:\Users\Kalle\AppData\Local\Temp\ccx2szLG.s:2342   .debug_str:00000000000004ee .LASF96
GAS LISTING C:\Users\Kalle\AppData\Local\Temp\ccx2szLG.s 			page 5


C:\Users\Kalle\AppData\Local\Temp\ccx2szLG.s:2350   .debug_str:000000000000051b .LASF97
C:\Users\Kalle\AppData\Local\Temp\ccx2szLG.s:2338   .debug_str:00000000000004d8 .LASF98
C:\Users\Kalle\AppData\Local\Temp\ccx2szLG.s:2228   .debug_str:0000000000000285 .LASF99
C:\Users\Kalle\AppData\Local\Temp\ccx2szLG.s:2370   .debug_str:0000000000000573 .LASF100
C:\Users\Kalle\AppData\Local\Temp\ccx2szLG.s:2200   .debug_str:00000000000001f6 .LASF101
C:\Users\Kalle\AppData\Local\Temp\ccx2szLG.s:2296   .debug_str:0000000000000424 .LASF102
C:\Users\Kalle\AppData\Local\Temp\ccx2szLG.s:2374   .debug_str:0000000000000589 .LASF103
C:\Users\Kalle\AppData\Local\Temp\ccx2szLG.s:2298   .debug_str:000000000000042f .LASF104
C:\Users\Kalle\AppData\Local\Temp\ccx2szLG.s:2378   .debug_str:0000000000000595 .LASF105
C:\Users\Kalle\AppData\Local\Temp\ccx2szLG.s:2144   .debug_str:00000000000000bc .LASF106
C:\Users\Kalle\AppData\Local\Temp\ccx2szLG.s:2360   .debug_str:0000000000000546 .LASF107
C:\Users\Kalle\AppData\Local\Temp\ccx2szLG.s:2226   .debug_str:0000000000000279 .LASF108
C:\Users\Kalle\AppData\Local\Temp\ccx2szLG.s:2346   .debug_str:00000000000004fb .LASF109
C:\Users\Kalle\AppData\Local\Temp\ccx2szLG.s:2186   .debug_str:00000000000001bc .LASF110
C:\Users\Kalle\AppData\Local\Temp\ccx2szLG.s:2142   .debug_str:00000000000000ad .LASF111
C:\Users\Kalle\AppData\Local\Temp\ccx2szLG.s:2184   .debug_str:00000000000001ab .LASF112
C:\Users\Kalle\AppData\Local\Temp\ccx2szLG.s:2130   .debug_str:000000000000005c .LASF113
C:\Users\Kalle\AppData\Local\Temp\ccx2szLG.s:2132   .debug_str:000000000000006b .LASF114
C:\Users\Kalle\AppData\Local\Temp\ccx2szLG.s:2276   .debug_str:00000000000003cd .LASF115
C:\Users\Kalle\AppData\Local\Temp\ccx2szLG.s:2256   .debug_str:00000000000002fa .LASF116
C:\Users\Kalle\AppData\Local\Temp\ccx2szLG.s:2248   .debug_str:00000000000002d7 .LASF117
C:\Users\Kalle\AppData\Local\Temp\ccx2szLG.s:2366   .debug_str:0000000000000560 .LASF118
C:\Users\Kalle\AppData\Local\Temp\ccx2szLG.s:2138   .debug_str:000000000000009c .LASF133
C:\Users\Kalle\AppData\Local\Temp\ccx2szLG.s:2322   .debug_str:000000000000049c .LASF119
C:\Users\Kalle\AppData\Local\Temp\ccx2szLG.s:2348   .debug_str:0000000000000508 .LASF120
C:\Users\Kalle\AppData\Local\Temp\ccx2szLG.s:2178   .debug_str:000000000000018e .LASF121
C:\Users\Kalle\AppData\Local\Temp\ccx2szLG.s:2292   .debug_str:0000000000000411 .LASF122
C:\Users\Kalle\AppData\Local\Temp\ccx2szLG.s:2126   .debug_str:000000000000004e .LASF123
C:\Users\Kalle\AppData\Local\Temp\ccx2szLG.s:2234   .debug_str:00000000000002a0 .LASF124
C:\Users\Kalle\AppData\Local\Temp\ccx2szLG.s:2250   .debug_str:00000000000002e0 .LASF125
C:\Users\Kalle\AppData\Local\Temp\ccx2szLG.s:2254   .debug_str:00000000000002f3 .LASF126
C:\Users\Kalle\AppData\Local\Temp\ccx2szLG.s:2332   .debug_str:00000000000004c5 .LASF127
C:\Users\Kalle\AppData\Local\Temp\ccx2szLG.s:2376   .debug_str:000000000000058e .LASF128
C:\Users\Kalle\AppData\Local\Temp\ccx2szLG.s:2242   .debug_str:00000000000002bd .LASF129
C:\Users\Kalle\AppData\Local\Temp\ccx2szLG.s:14     .text._read:0000000000000000 .LFB1
C:\Users\Kalle\AppData\Local\Temp\ccx2szLG.s:27     .text._read:0000000000000004 .LFE1
C:\Users\Kalle\AppData\Local\Temp\ccx2szLG.s:2079   .debug_loc:0000000000000000 .LLST0
C:\Users\Kalle\AppData\Local\Temp\ccx2szLG.s:2140   .debug_str:00000000000000a7 .LASF134
C:\Users\Kalle\AppData\Local\Temp\ccx2szLG.s:18     .text._read:0000000000000000 .LVL0
C:\Users\Kalle\AppData\Local\Temp\ccx2szLG.s:24     .text._read:0000000000000002 .LVL1
C:\Users\Kalle\AppData\Local\Temp\ccx2szLG.s:39     .debug_info:0000000000000000 .Ldebug_info0

NO UNDEFINED SYMBOLS
