GAS LISTING C:\Users\Kalle\AppData\Local\Temp\ccEEiZ32.s 			page 1


   1              		.file	"write.c"
   2              		.option nopic
   3              		.attribute arch, "rv32i2p0_m2p0_a2p0_c2p0"
   4              		.attribute unaligned_access, 0
   5              		.attribute stack_align, 16
   6              		.text
   7              	.Ltext0:
   8              		.cfi_sections	.debug_frame
   9              		.section	.text._put_char,"ax",@progbits
  10              		.align	1
  11              		.weak	_put_char
  13              	_put_char:
  14              	.LFB4:
  15              		.file 1 "../../firmware/RISCV/stubs/write.c"
   1:../../firmware/RISCV/stubs/write.c **** /* See LICENSE of license details. */
   2:../../firmware/RISCV/stubs/write.c **** 
   3:../../firmware/RISCV/stubs/write.c **** #include <stdint.h>
   4:../../firmware/RISCV/stubs/write.c **** #include <string.h>
   5:../../firmware/RISCV/stubs/write.c **** #include <errno.h>
   6:../../firmware/RISCV/stubs/write.c **** #include <gd32vf103.h>
   7:../../firmware/RISCV/stubs/write.c **** 
   8:../../firmware/RISCV/stubs/write.c **** #if   defined (__GNUC__)
   9:../../firmware/RISCV/stubs/write.c **** #include <unistd.h>
  10:../../firmware/RISCV/stubs/write.c **** #include <sys/types.h>
  11:../../firmware/RISCV/stubs/write.c **** #endif
  12:../../firmware/RISCV/stubs/write.c **** 
  13:../../firmware/RISCV/stubs/write.c **** #include "stub.h"
  14:../../firmware/RISCV/stubs/write.c **** #include "gd32vf103.h"
  15:../../firmware/RISCV/stubs/write.c **** 
  16:../../firmware/RISCV/stubs/write.c **** //typedef unsigned int size_t;
  17:../../firmware/RISCV/stubs/write.c **** extern int _put_char(int ch) __attribute__((weak));
  18:../../firmware/RISCV/stubs/write.c **** 
  19:../../firmware/RISCV/stubs/write.c **** #if   defined (__ICCRISCV__)
  20:../../firmware/RISCV/stubs/write.c **** 
  21:../../firmware/RISCV/stubs/write.c **** size_t __write(int handle, const unsigned char *buf, size_t bufSize)
  22:../../firmware/RISCV/stubs/write.c **** {
  23:../../firmware/RISCV/stubs/write.c ****   size_t nChars = 0;
  24:../../firmware/RISCV/stubs/write.c ****   
  25:../../firmware/RISCV/stubs/write.c ****   if (handle == -1)
  26:../../firmware/RISCV/stubs/write.c ****   {
  27:../../firmware/RISCV/stubs/write.c ****     return 0;
  28:../../firmware/RISCV/stubs/write.c ****   }
  29:../../firmware/RISCV/stubs/write.c ****   
  30:../../firmware/RISCV/stubs/write.c ****   for (; bufSize > 0; --bufSize)
  31:../../firmware/RISCV/stubs/write.c ****   {
  32:../../firmware/RISCV/stubs/write.c ****     _put_char((uint8_t) *buf);
  33:../../firmware/RISCV/stubs/write.c ****     ++buf;
  34:../../firmware/RISCV/stubs/write.c ****     ++nChars;
  35:../../firmware/RISCV/stubs/write.c ****   }
  36:../../firmware/RISCV/stubs/write.c ****   
  37:../../firmware/RISCV/stubs/write.c ****   return nChars;
  38:../../firmware/RISCV/stubs/write.c ****  }
  39:../../firmware/RISCV/stubs/write.c **** 
  40:../../firmware/RISCV/stubs/write.c **** int puts(const char* string) {
  41:../../firmware/RISCV/stubs/write.c ****     return __write(0, (const void *) string, strlen(string));
  42:../../firmware/RISCV/stubs/write.c **** }
  43:../../firmware/RISCV/stubs/write.c ****  
GAS LISTING C:\Users\Kalle\AppData\Local\Temp\ccEEiZ32.s 			page 2


  44:../../firmware/RISCV/stubs/write.c **** #elif defined ( __GNUC__ )
  45:../../firmware/RISCV/stubs/write.c **** /*
  46:../../firmware/RISCV/stubs/write.c **** ssize_t _write(int fd, const void* ptr, size_t len) {
  47:../../firmware/RISCV/stubs/write.c ****     const uint8_t * current = (const uint8_t *) ptr;
  48:../../firmware/RISCV/stubs/write.c ****     {
  49:../../firmware/RISCV/stubs/write.c ****         for (size_t jj = 0; jj < len; jj++) {
  50:../../firmware/RISCV/stubs/write.c ****             _put_char(current[jj]);
  51:../../firmware/RISCV/stubs/write.c **** 
  52:../../firmware/RISCV/stubs/write.c ****             if (current[jj] == '\n') {
  53:../../firmware/RISCV/stubs/write.c ****                 _put_char('\r');
  54:../../firmware/RISCV/stubs/write.c ****             }
  55:../../firmware/RISCV/stubs/write.c ****         }
  56:../../firmware/RISCV/stubs/write.c ****         return len;
  57:../../firmware/RISCV/stubs/write.c ****     }
  58:../../firmware/RISCV/stubs/write.c **** 
  59:../../firmware/RISCV/stubs/write.c ****     return _stub(EBADF);
  60:../../firmware/RISCV/stubs/write.c **** }
  61:../../firmware/RISCV/stubs/write.c **** 
  62:../../firmware/RISCV/stubs/write.c **** 
  63:../../firmware/RISCV/stubs/write.c **** int puts(const char* string) {
  64:../../firmware/RISCV/stubs/write.c ****     return _write(0, (const void *) string, strlen(string));
  65:../../firmware/RISCV/stubs/write.c **** }
  66:../../firmware/RISCV/stubs/write.c **** */
  67:../../firmware/RISCV/stubs/write.c **** #endif
  68:../../firmware/RISCV/stubs/write.c **** 
  69:../../firmware/RISCV/stubs/write.c **** int _put_char(int ch)
  70:../../firmware/RISCV/stubs/write.c **** {
  16              		.loc 1 70 1
  17              		.cfi_startproc
  18              	.LVL0:
  71:../../firmware/RISCV/stubs/write.c ****     usart_data_transmit(USART0, (uint8_t) ch );
  19              		.loc 1 71 5
  70:../../firmware/RISCV/stubs/write.c ****     usart_data_transmit(USART0, (uint8_t) ch );
  20              		.loc 1 70 1 is_stmt 0
  21 0000 4111     		addi	sp,sp,-16
  22              	.LCFI0:
  23              		.cfi_def_cfa_offset 16
  24 0002 22C4     		sw	s0,8(sp)
  25              		.cfi_offset 8, -8
  26              		.loc 1 71 5
  27 0004 37440140 		li	s0,1073823744
  70:../../firmware/RISCV/stubs/write.c ****     usart_data_transmit(USART0, (uint8_t) ch );
  28              		.loc 1 70 1
  29 0008 26C2     		sw	s1,4(sp)
  30              		.loc 1 71 5
  31 000a 9375F50F 		andi	a1,a0,0xff
  32              		.cfi_offset 9, -12
  70:../../firmware/RISCV/stubs/write.c ****     usart_data_transmit(USART0, (uint8_t) ch );
  33              		.loc 1 70 1
  34 000e AA84     		mv	s1,a0
  35              		.loc 1 71 5
  36 0010 13050480 		addi	a0,s0,-2048
  37              	.LVL1:
  70:../../firmware/RISCV/stubs/write.c ****     usart_data_transmit(USART0, (uint8_t) ch );
  38              		.loc 1 70 1
  39 0014 06C6     		sw	ra,12(sp)
  40              		.cfi_offset 1, -4
GAS LISTING C:\Users\Kalle\AppData\Local\Temp\ccEEiZ32.s 			page 3


  72:../../firmware/RISCV/stubs/write.c ****     while (usart_flag_get(USART0, USART_FLAG_TBE)== RESET){
  41              		.loc 1 72 12
  42 0016 13040480 		addi	s0,s0,-2048
  71:../../firmware/RISCV/stubs/write.c ****     usart_data_transmit(USART0, (uint8_t) ch );
  43              		.loc 1 71 5
  44 001a 97000000 		call	usart_data_transmit
  44      E7800000 
  45              	.LVL2:
  46              		.loc 1 72 5 is_stmt 1
  47              	.L2:
  73:../../firmware/RISCV/stubs/write.c ****     }
  48              		.loc 1 73 5 discriminator 1
  72:../../firmware/RISCV/stubs/write.c ****     while (usart_flag_get(USART0, USART_FLAG_TBE)== RESET){
  49              		.loc 1 72 12 is_stmt 0 discriminator 1
  50 0022 9D45     		li	a1,7
  51 0024 2285     		mv	a0,s0
  52 0026 97000000 		call	usart_flag_get
  52      E7800000 
  53              	.LVL3:
  72:../../firmware/RISCV/stubs/write.c ****     while (usart_flag_get(USART0, USART_FLAG_TBE)== RESET){
  54              		.loc 1 72 11 discriminator 1
  55 002e 75D9     		beq	a0,zero,.L2
  74:../../firmware/RISCV/stubs/write.c **** 
  75:../../firmware/RISCV/stubs/write.c ****     return ch;
  56              		.loc 1 75 5 is_stmt 1
  76:../../firmware/RISCV/stubs/write.c **** }...
  57              		.loc 1 76 1 is_stmt 0
  58 0030 B240     		lw	ra,12(sp)
  59              		.cfi_restore 1
  60 0032 2244     		lw	s0,8(sp)
  61              		.cfi_restore 8
  62 0034 2685     		mv	a0,s1
  63 0036 9244     		lw	s1,4(sp)
  64              		.cfi_restore 9
  65              	.LVL4:
  66 0038 4101     		addi	sp,sp,16
  67              	.LCFI1:
  68              		.cfi_def_cfa_offset 0
  69 003a 8280     		jr	ra
  70              		.cfi_endproc
  71              	.LFE4:
  73              		.text
  74              	.Letext0:
  75              		.file 2 "c:\\idrotttek-kurs\\toolchain-gd32v-win\\compiler\\riscv64-unknown-elf\\include\\machine\
  76              		.file 3 "c:\\idrotttek-kurs\\toolchain-gd32v-win\\compiler\\riscv64-unknown-elf\\include\\sys\\_st
  77              		.file 4 "c:\\idrotttek-kurs\\toolchain-gd32v-win\\compiler\\lib\\gcc\\riscv64-unknown-elf\\8.3.0\\
  78              		.file 5 "c:\\idrotttek-kurs\\toolchain-gd32v-win\\compiler\\riscv64-unknown-elf\\include\\sys\\_ty
  79              		.file 6 "c:\\idrotttek-kurs\\toolchain-gd32v-win\\compiler\\riscv64-unknown-elf\\include\\sys\\ree
  80              		.file 7 "c:\\idrotttek-kurs\\toolchain-gd32v-win\\compiler\\riscv64-unknown-elf\\include\\sys\\loc
  81              		.file 8 "c:\\idrotttek-kurs\\toolchain-gd32v-win\\compiler\\riscv64-unknown-elf\\include\\sys\\err
  82              		.file 9 "../../firmware/GD32VF103_standard_peripheral/system_gd32vf103.h"
  83              		.file 10 "../../firmware/GD32VF103_standard_peripheral/gd32vf103.h"
  84              		.file 11 "../../firmware/GD32VF103_standard_peripheral/Include/gd32vf103_usart.h"
  85              		.file 12 "c:\\idrotttek-kurs\\toolchain-gd32v-win\\compiler\\riscv64-unknown-elf\\include\\sys\\un
GAS LISTING C:\Users\Kalle\AppData\Local\Temp\ccEEiZ32.s 			page 4


DEFINED SYMBOLS
                            *ABS*:0000000000000000 write.c
C:\Users\Kalle\AppData\Local\Temp\ccEEiZ32.s:13     .text._put_char:0000000000000000 _put_char
C:\Users\Kalle\AppData\Local\Temp\ccEEiZ32.s:17     .text._put_char:0000000000000000 .L0 
C:\Users\Kalle\AppData\Local\Temp\ccEEiZ32.s:19     .text._put_char:0000000000000000 .L0 
C:\Users\Kalle\AppData\Local\Temp\ccEEiZ32.s:20     .text._put_char:0000000000000000 .L0 
C:\Users\Kalle\AppData\Local\Temp\ccEEiZ32.s:21     .text._put_char:0000000000000000 .L0 
C:\Users\Kalle\AppData\Local\Temp\ccEEiZ32.s:23     .text._put_char:0000000000000002 .L0 
C:\Users\Kalle\AppData\Local\Temp\ccEEiZ32.s:25     .text._put_char:0000000000000004 .L0 
C:\Users\Kalle\AppData\Local\Temp\ccEEiZ32.s:27     .text._put_char:0000000000000004 .L0 
C:\Users\Kalle\AppData\Local\Temp\ccEEiZ32.s:29     .text._put_char:0000000000000008 .L0 
C:\Users\Kalle\AppData\Local\Temp\ccEEiZ32.s:31     .text._put_char:000000000000000a .L0 
C:\Users\Kalle\AppData\Local\Temp\ccEEiZ32.s:32     .text._put_char:000000000000000e .L0 
C:\Users\Kalle\AppData\Local\Temp\ccEEiZ32.s:34     .text._put_char:000000000000000e .L0 
C:\Users\Kalle\AppData\Local\Temp\ccEEiZ32.s:36     .text._put_char:0000000000000010 .L0 
C:\Users\Kalle\AppData\Local\Temp\ccEEiZ32.s:39     .text._put_char:0000000000000014 .L0 
C:\Users\Kalle\AppData\Local\Temp\ccEEiZ32.s:40     .text._put_char:0000000000000016 .L0 
C:\Users\Kalle\AppData\Local\Temp\ccEEiZ32.s:42     .text._put_char:0000000000000016 .L0 
C:\Users\Kalle\AppData\Local\Temp\ccEEiZ32.s:44     .text._put_char:000000000000001a .L0 
C:\Users\Kalle\AppData\Local\Temp\ccEEiZ32.s:48     .text._put_char:0000000000000022 .L0 
C:\Users\Kalle\AppData\Local\Temp\ccEEiZ32.s:49     .text._put_char:0000000000000022 .L0 
C:\Users\Kalle\AppData\Local\Temp\ccEEiZ32.s:50     .text._put_char:0000000000000022 .L0 
C:\Users\Kalle\AppData\Local\Temp\ccEEiZ32.s:55     .text._put_char:000000000000002e .L0 
C:\Users\Kalle\AppData\Local\Temp\ccEEiZ32.s:57     .text._put_char:0000000000000030 .L0 
C:\Users\Kalle\AppData\Local\Temp\ccEEiZ32.s:58     .text._put_char:0000000000000030 .L0 
C:\Users\Kalle\AppData\Local\Temp\ccEEiZ32.s:59     .text._put_char:0000000000000032 .L0 
C:\Users\Kalle\AppData\Local\Temp\ccEEiZ32.s:61     .text._put_char:0000000000000034 .L0 
C:\Users\Kalle\AppData\Local\Temp\ccEEiZ32.s:64     .text._put_char:0000000000000038 .L0 
C:\Users\Kalle\AppData\Local\Temp\ccEEiZ32.s:68     .text._put_char:000000000000003a .L0 
C:\Users\Kalle\AppData\Local\Temp\ccEEiZ32.s:70     .text._put_char:000000000000003c .L0 
C:\Users\Kalle\AppData\Local\Temp\ccEEiZ32.s:73     .text._put_char:000000000000003c .L0 
                     .debug_frame:0000000000000000 .L0 
C:\Users\Kalle\AppData\Local\Temp\ccEEiZ32.s:47     .text._put_char:0000000000000022 .L2
C:\Users\Kalle\AppData\Local\Temp\ccEEiZ32.s:1709   .debug_abbrev:0000000000000000 .Ldebug_abbrev0
C:\Users\Kalle\AppData\Local\Temp\ccEEiZ32.s:2455   .debug_str:000000000000031f .LASF146
C:\Users\Kalle\AppData\Local\Temp\ccEEiZ32.s:2571   .debug_str:00000000000005d2 .LASF147
C:\Users\Kalle\AppData\Local\Temp\ccEEiZ32.s:2369   .debug_str:0000000000000150 .LASF148
C:\Users\Kalle\AppData\Local\Temp\ccEEiZ32.s:2299   .debug_ranges:0000000000000000 .Ldebug_ranges0
C:\Users\Kalle\AppData\Local\Temp\ccEEiZ32.s:2305   .debug_line:0000000000000000 .Ldebug_line0
C:\Users\Kalle\AppData\Local\Temp\ccEEiZ32.s:2345   .debug_str:00000000000000db .LASF0
C:\Users\Kalle\AppData\Local\Temp\ccEEiZ32.s:2317   .debug_str:0000000000000037 .LASF5
C:\Users\Kalle\AppData\Local\Temp\ccEEiZ32.s:2477   .debug_str:0000000000000403 .LASF1
C:\Users\Kalle\AppData\Local\Temp\ccEEiZ32.s:2547   .debug_str:0000000000000554 .LASF2
C:\Users\Kalle\AppData\Local\Temp\ccEEiZ32.s:2559   .debug_str:0000000000000589 .LASF3
C:\Users\Kalle\AppData\Local\Temp\ccEEiZ32.s:2361   .debug_str:0000000000000131 .LASF4
C:\Users\Kalle\AppData\Local\Temp\ccEEiZ32.s:2387   .debug_str:00000000000001e9 .LASF6
C:\Users\Kalle\AppData\Local\Temp\ccEEiZ32.s:2409   .debug_str:0000000000000248 .LASF7
C:\Users\Kalle\AppData\Local\Temp\ccEEiZ32.s:2373   .debug_str:000000000000019a .LASF8
C:\Users\Kalle\AppData\Local\Temp\ccEEiZ32.s:2349   .debug_str:00000000000000ed .LASF9
C:\Users\Kalle\AppData\Local\Temp\ccEEiZ32.s:2545   .debug_str:0000000000000547 .LASF10
C:\Users\Kalle\AppData\Local\Temp\ccEEiZ32.s:2549   .debug_str:000000000000055e .LASF11
C:\Users\Kalle\AppData\Local\Temp\ccEEiZ32.s:2569   .debug_str:00000000000005c9 .LASF12
C:\Users\Kalle\AppData\Local\Temp\ccEEiZ32.s:2533   .debug_str:0000000000000512 .LASF13
C:\Users\Kalle\AppData\Local\Temp\ccEEiZ32.s:2465   .debug_str:00000000000003c4 .LASF14
C:\Users\Kalle\AppData\Local\Temp\ccEEiZ32.s:2341   .debug_str:00000000000000cd .LASF15
C:\Users\Kalle\AppData\Local\Temp\ccEEiZ32.s:2531   .debug_str:000000000000050a .LASF16
C:\Users\Kalle\AppData\Local\Temp\ccEEiZ32.s:2581   .debug_str:000000000000061c .LASF17
GAS LISTING C:\Users\Kalle\AppData\Local\Temp\ccEEiZ32.s 			page 5


C:\Users\Kalle\AppData\Local\Temp\ccEEiZ32.s:2427   .debug_str:00000000000002a8 .LASF18
C:\Users\Kalle\AppData\Local\Temp\ccEEiZ32.s:2401   .debug_str:0000000000000221 .LASF19
C:\Users\Kalle\AppData\Local\Temp\ccEEiZ32.s:2523   .debug_str:00000000000004ea .LASF20
C:\Users\Kalle\AppData\Local\Temp\ccEEiZ32.s:2525   .debug_str:00000000000004f2 .LASF21
C:\Users\Kalle\AppData\Local\Temp\ccEEiZ32.s:2495   .debug_str:0000000000000459 .LASF22
C:\Users\Kalle\AppData\Local\Temp\ccEEiZ32.s:2563   .debug_str:00000000000005a1 .LASF23
C:\Users\Kalle\AppData\Local\Temp\ccEEiZ32.s:2469   .debug_str:00000000000003d5 .LASF24
C:\Users\Kalle\AppData\Local\Temp\ccEEiZ32.s:2483   .debug_str:0000000000000420 .LASF25
C:\Users\Kalle\AppData\Local\Temp\ccEEiZ32.s:2395   .debug_str:000000000000020e .LASF30
C:\Users\Kalle\AppData\Local\Temp\ccEEiZ32.s:2553   .debug_str:000000000000056d .LASF26
C:\Users\Kalle\AppData\Local\Temp\ccEEiZ32.s:2517   .debug_str:00000000000004d5 .LASF27
C:\Users\Kalle\AppData\Local\Temp\ccEEiZ32.s:2389   .debug_str:00000000000001f4 .LASF28
C:\Users\Kalle\AppData\Local\Temp\ccEEiZ32.s:2577   .debug_str:0000000000000611 .LASF29
C:\Users\Kalle\AppData\Local\Temp\ccEEiZ32.s:2399   .debug_str:000000000000021c .LASF31
C:\Users\Kalle\AppData\Local\Temp\ccEEiZ32.s:2339   .debug_str:00000000000000c4 .LASF32
C:\Users\Kalle\AppData\Local\Temp\ccEEiZ32.s:2595   .debug_str:0000000000000661 .LASF33
C:\Users\Kalle\AppData\Local\Temp\ccEEiZ32.s:2351   .debug_str:0000000000000104 .LASF34
C:\Users\Kalle\AppData\Local\Temp\ccEEiZ32.s:2607   .debug_str:0000000000000699 .LASF35
C:\Users\Kalle\AppData\Local\Temp\ccEEiZ32.s:2457   .debug_str:0000000000000399 .LASF36
C:\Users\Kalle\AppData\Local\Temp\ccEEiZ32.s:2443   .debug_str:00000000000002e6 .LASF37
C:\Users\Kalle\AppData\Local\Temp\ccEEiZ32.s:2529   .debug_str:0000000000000500 .LASF38
C:\Users\Kalle\AppData\Local\Temp\ccEEiZ32.s:2485   .debug_str:0000000000000429 .LASF39
C:\Users\Kalle\AppData\Local\Temp\ccEEiZ32.s:2591   .debug_str:0000000000000647 .LASF40
C:\Users\Kalle\AppData\Local\Temp\ccEEiZ32.s:2355   .debug_str:0000000000000113 .LASF41
C:\Users\Kalle\AppData\Local\Temp\ccEEiZ32.s:2311   .debug_str:000000000000001c .LASF42
C:\Users\Kalle\AppData\Local\Temp\ccEEiZ32.s:2307   .debug_str:0000000000000000 .LASF43
C:\Users\Kalle\AppData\Local\Temp\ccEEiZ32.s:2557   .debug_str:0000000000000580 .LASF44
C:\Users\Kalle\AppData\Local\Temp\ccEEiZ32.s:2365   .debug_str:0000000000000141 .LASF45
C:\Users\Kalle\AppData\Local\Temp\ccEEiZ32.s:2459   .debug_str:00000000000003a2 .LASF46
C:\Users\Kalle\AppData\Local\Temp\ccEEiZ32.s:2509   .debug_str:00000000000004a5 .LASF47
C:\Users\Kalle\AppData\Local\Temp\ccEEiZ32.s:2385   .debug_str:00000000000001e4 .LASF48
C:\Users\Kalle\AppData\Local\Temp\ccEEiZ32.s:2487   .debug_str:0000000000000433 .LASF49
C:\Users\Kalle\AppData\Local\Temp\ccEEiZ32.s:2473   .debug_str:00000000000003ed .LASF50
C:\Users\Kalle\AppData\Local\Temp\ccEEiZ32.s:2543   .debug_str:0000000000000541 .LASF51
C:\Users\Kalle\AppData\Local\Temp\ccEEiZ32.s:2497   .debug_str:0000000000000464 .LASF52
C:\Users\Kalle\AppData\Local\Temp\ccEEiZ32.s:2363   .debug_str:000000000000013a .LASF53
C:\Users\Kalle\AppData\Local\Temp\ccEEiZ32.s:2411   .debug_str:000000000000025a .LASF54
C:\Users\Kalle\AppData\Local\Temp\ccEEiZ32.s:2329   .debug_str:0000000000000084 .LASF55
C:\Users\Kalle\AppData\Local\Temp\ccEEiZ32.s:2357   .debug_str:0000000000000121 .LASF56
C:\Users\Kalle\AppData\Local\Temp\ccEEiZ32.s:2397   .debug_str:0000000000000216 .LASF57
C:\Users\Kalle\AppData\Local\Temp\ccEEiZ32.s:2441   .debug_str:00000000000002df .LASF58
C:\Users\Kalle\AppData\Local\Temp\ccEEiZ32.s:2527   .debug_str:00000000000004fa .LASF59
C:\Users\Kalle\AppData\Local\Temp\ccEEiZ32.s:2343   .debug_str:00000000000000d4 .LASF60
C:\Users\Kalle\AppData\Local\Temp\ccEEiZ32.s:2347   .debug_str:00000000000000e7 .LASF61
C:\Users\Kalle\AppData\Local\Temp\ccEEiZ32.s:2587   .debug_str:0000000000000639 .LASF62
C:\Users\Kalle\AppData\Local\Temp\ccEEiZ32.s:2539   .debug_str:000000000000052a .LASF63
C:\Users\Kalle\AppData\Local\Temp\ccEEiZ32.s:2379   .debug_str:00000000000001bd .LASF64
C:\Users\Kalle\AppData\Local\Temp\ccEEiZ32.s:2413   .debug_str:0000000000000260 .LASF65
C:\Users\Kalle\AppData\Local\Temp\ccEEiZ32.s:2435   .debug_str:00000000000002ca .LASF66
C:\Users\Kalle\AppData\Local\Temp\ccEEiZ32.s:2501   .debug_str:0000000000000476 .LASF67
C:\Users\Kalle\AppData\Local\Temp\ccEEiZ32.s:2489   .debug_str:000000000000043a .LASF68
C:\Users\Kalle\AppData\Local\Temp\ccEEiZ32.s:2519   .debug_str:00000000000004dd .LASF69
C:\Users\Kalle\AppData\Local\Temp\ccEEiZ32.s:2535   .debug_str:000000000000051e .LASF70
C:\Users\Kalle\AppData\Local\Temp\ccEEiZ32.s:2367   .debug_str:0000000000000149 .LASF71
C:\Users\Kalle\AppData\Local\Temp\ccEEiZ32.s:2405   .debug_str:0000000000000238 .LASF72
C:\Users\Kalle\AppData\Local\Temp\ccEEiZ32.s:2393   .debug_str:0000000000000206 .LASF73
C:\Users\Kalle\AppData\Local\Temp\ccEEiZ32.s:2507   .debug_str:00000000000004a0 .LASF74
GAS LISTING C:\Users\Kalle\AppData\Local\Temp\ccEEiZ32.s 			page 6


C:\Users\Kalle\AppData\Local\Temp\ccEEiZ32.s:2315   .debug_str:000000000000002c .LASF75
C:\Users\Kalle\AppData\Local\Temp\ccEEiZ32.s:2515   .debug_str:00000000000004bc .LASF76
C:\Users\Kalle\AppData\Local\Temp\ccEEiZ32.s:2511   .debug_str:00000000000004aa .LASF77
C:\Users\Kalle\AppData\Local\Temp\ccEEiZ32.s:2461   .debug_str:00000000000003aa .LASF78
C:\Users\Kalle\AppData\Local\Temp\ccEEiZ32.s:2513   .debug_str:00000000000004b2 .LASF79
C:\Users\Kalle\AppData\Local\Temp\ccEEiZ32.s:2425   .debug_str:00000000000002a0 .LASF80
C:\Users\Kalle\AppData\Local\Temp\ccEEiZ32.s:2371   .debug_str:0000000000000190 .LASF81
C:\Users\Kalle\AppData\Local\Temp\ccEEiZ32.s:2603   .debug_str:0000000000000684 .LASF82
C:\Users\Kalle\AppData\Local\Temp\ccEEiZ32.s:2467   .debug_str:00000000000003cb .LASF83
C:\Users\Kalle\AppData\Local\Temp\ccEEiZ32.s:2407   .debug_str:0000000000000240 .LASF84
C:\Users\Kalle\AppData\Local\Temp\ccEEiZ32.s:2377   .debug_str:00000000000001b5 .LASF85
C:\Users\Kalle\AppData\Local\Temp\ccEEiZ32.s:2431   .debug_str:00000000000002b6 .LASF86
C:\Users\Kalle\AppData\Local\Temp\ccEEiZ32.s:2319   .debug_str:0000000000000041 .LASF87
C:\Users\Kalle\AppData\Local\Temp\ccEEiZ32.s:2585   .debug_str:000000000000062f .LASF88
C:\Users\Kalle\AppData\Local\Temp\ccEEiZ32.s:2359   .debug_str:0000000000000129 .LASF89
C:\Users\Kalle\AppData\Local\Temp\ccEEiZ32.s:2353   .debug_str:000000000000010e .LASF90
C:\Users\Kalle\AppData\Local\Temp\ccEEiZ32.s:2537   .debug_str:0000000000000525 .LASF91
C:\Users\Kalle\AppData\Local\Temp\ccEEiZ32.s:2493   .debug_str:0000000000000452 .LASF92
C:\Users\Kalle\AppData\Local\Temp\ccEEiZ32.s:2579   .debug_str:0000000000000616 .LASF93
C:\Users\Kalle\AppData\Local\Temp\ccEEiZ32.s:2415   .debug_str:0000000000000266 .LASF94
C:\Users\Kalle\AppData\Local\Temp\ccEEiZ32.s:2479   .debug_str:0000000000000411 .LASF95
C:\Users\Kalle\AppData\Local\Temp\ccEEiZ32.s:2313   .debug_str:0000000000000024 .LASF96
C:\Users\Kalle\AppData\Local\Temp\ccEEiZ32.s:2521   .debug_str:00000000000004e4 .LASF97
C:\Users\Kalle\AppData\Local\Temp\ccEEiZ32.s:2437   .debug_str:00000000000002d0 .LASF98
C:\Users\Kalle\AppData\Local\Temp\ccEEiZ32.s:2561   .debug_str:000000000000059c .LASF99
C:\Users\Kalle\AppData\Local\Temp\ccEEiZ32.s:2573   .debug_str:00000000000005f5 .LASF100
C:\Users\Kalle\AppData\Local\Temp\ccEEiZ32.s:2555   .debug_str:0000000000000573 .LASF101
C:\Users\Kalle\AppData\Local\Temp\ccEEiZ32.s:2421   .debug_str:0000000000000284 .LASF102
C:\Users\Kalle\AppData\Local\Temp\ccEEiZ32.s:2593   .debug_str:0000000000000652 .LASF103
C:\Users\Kalle\AppData\Local\Temp\ccEEiZ32.s:2463   .debug_str:00000000000003b5 .LASF104
C:\Users\Kalle\AppData\Local\Temp\ccEEiZ32.s:2417   .debug_str:000000000000026d .LASF105
C:\Users\Kalle\AppData\Local\Temp\ccEEiZ32.s:2597   .debug_str:000000000000066a .LASF106
C:\Users\Kalle\AppData\Local\Temp\ccEEiZ32.s:2505   .debug_str:0000000000000493 .LASF107
C:\Users\Kalle\AppData\Local\Temp\ccEEiZ32.s:2601   .debug_str:0000000000000676 .LASF108
C:\Users\Kalle\AppData\Local\Temp\ccEEiZ32.s:2337   .debug_str:00000000000000b6 .LASF109
C:\Users\Kalle\AppData\Local\Temp\ccEEiZ32.s:2583   .debug_str:0000000000000625 .LASF110
C:\Users\Kalle\AppData\Local\Temp\ccEEiZ32.s:2419   .debug_str:0000000000000278 .LASF111
C:\Users\Kalle\AppData\Local\Temp\ccEEiZ32.s:2565   .debug_str:00000000000005a9 .LASF112
C:\Users\Kalle\AppData\Local\Temp\ccEEiZ32.s:2383   .debug_str:00000000000001d6 .LASF113
C:\Users\Kalle\AppData\Local\Temp\ccEEiZ32.s:2335   .debug_str:00000000000000a7 .LASF114
C:\Users\Kalle\AppData\Local\Temp\ccEEiZ32.s:2381   .debug_str:00000000000001c5 .LASF115
C:\Users\Kalle\AppData\Local\Temp\ccEEiZ32.s:2321   .debug_str:000000000000004a .LASF116
C:\Users\Kalle\AppData\Local\Temp\ccEEiZ32.s:2323   .debug_str:0000000000000059 .LASF117
C:\Users\Kalle\AppData\Local\Temp\ccEEiZ32.s:2481   .debug_str:0000000000000417 .LASF118
C:\Users\Kalle\AppData\Local\Temp\ccEEiZ32.s:2453   .debug_str:0000000000000318 .LASF119
C:\Users\Kalle\AppData\Local\Temp\ccEEiZ32.s:2445   .debug_str:00000000000002f0 .LASF120
C:\Users\Kalle\AppData\Local\Temp\ccEEiZ32.s:2589   .debug_str:000000000000063f .LASF121
C:\Users\Kalle\AppData\Local\Temp\ccEEiZ32.s:2331   .debug_str:000000000000008d .LASF149
C:\Users\Kalle\AppData\Local\Temp\ccEEiZ32.s:2391   .debug_str:00000000000001fa .LASF122
C:\Users\Kalle\AppData\Local\Temp\ccEEiZ32.s:2567   .debug_str:00000000000005b6 .LASF123
C:\Users\Kalle\AppData\Local\Temp\ccEEiZ32.s:2375   .debug_str:00000000000001a8 .LASF124
C:\Users\Kalle\AppData\Local\Temp\ccEEiZ32.s:2499   .debug_str:000000000000046c .LASF125
C:\Users\Kalle\AppData\Local\Temp\ccEEiZ32.s:2403   .debug_str:0000000000000228 .LASF126
C:\Users\Kalle\AppData\Local\Temp\ccEEiZ32.s:2471   .debug_str:00000000000003e7 .LASF127
C:\Users\Kalle\AppData\Local\Temp\ccEEiZ32.s:2333   .debug_str:0000000000000098 .LASF128
C:\Users\Kalle\AppData\Local\Temp\ccEEiZ32.s:2575   .debug_str:0000000000000602 .LASF129
C:\Users\Kalle\AppData\Local\Temp\ccEEiZ32.s:2433   .debug_str:00000000000002bb .LASF130
GAS LISTING C:\Users\Kalle\AppData\Local\Temp\ccEEiZ32.s 			page 7


C:\Users\Kalle\AppData\Local\Temp\ccEEiZ32.s:2541   .debug_str:0000000000000533 .LASF131
C:\Users\Kalle\AppData\Local\Temp\ccEEiZ32.s:2475   .debug_str:00000000000003f3 .LASF132
C:\Users\Kalle\AppData\Local\Temp\ccEEiZ32.s:2309   .debug_str:000000000000000c .LASF133
C:\Users\Kalle\AppData\Local\Temp\ccEEiZ32.s:2449   .debug_str:0000000000000300 .LASF134
C:\Users\Kalle\AppData\Local\Temp\ccEEiZ32.s:2327   .debug_str:0000000000000074 .LASF135
C:\Users\Kalle\AppData\Local\Temp\ccEEiZ32.s:2605   .debug_str:0000000000000689 .LASF136
C:\Users\Kalle\AppData\Local\Temp\ccEEiZ32.s:2491   .debug_str:0000000000000442 .LASF137
C:\Users\Kalle\AppData\Local\Temp\ccEEiZ32.s:2429   .debug_str:00000000000002ae .LASF138
C:\Users\Kalle\AppData\Local\Temp\ccEEiZ32.s:2447   .debug_str:00000000000002f9 .LASF139
C:\Users\Kalle\AppData\Local\Temp\ccEEiZ32.s:2451   .debug_str:0000000000000311 .LASF140
C:\Users\Kalle\AppData\Local\Temp\ccEEiZ32.s:2551   .debug_str:0000000000000566 .LASF141
C:\Users\Kalle\AppData\Local\Temp\ccEEiZ32.s:2599   .debug_str:000000000000066f .LASF142
C:\Users\Kalle\AppData\Local\Temp\ccEEiZ32.s:2439   .debug_str:00000000000002d6 .LASF143
C:\Users\Kalle\AppData\Local\Temp\ccEEiZ32.s:2325   .debug_str:000000000000006a .LASF150
C:\Users\Kalle\AppData\Local\Temp\ccEEiZ32.s:14     .text._put_char:0000000000000000 .LFB4
C:\Users\Kalle\AppData\Local\Temp\ccEEiZ32.s:71     .text._put_char:000000000000003c .LFE4
C:\Users\Kalle\AppData\Local\Temp\ccEEiZ32.s:2253   .debug_loc:0000000000000000 .LLST0
C:\Users\Kalle\AppData\Local\Temp\ccEEiZ32.s:2271   .debug_loc:000000000000002c .LLST1
C:\Users\Kalle\AppData\Local\Temp\ccEEiZ32.s:45     .text._put_char:0000000000000022 .LVL2
C:\Users\Kalle\AppData\Local\Temp\ccEEiZ32.s:53     .text._put_char:000000000000002e .LVL3
C:\Users\Kalle\AppData\Local\Temp\ccEEiZ32.s:2503   .debug_str:000000000000047f .LASF144
C:\Users\Kalle\AppData\Local\Temp\ccEEiZ32.s:2423   .debug_str:0000000000000291 .LASF145
C:\Users\Kalle\AppData\Local\Temp\ccEEiZ32.s:22     .text._put_char:0000000000000002 .LCFI0
C:\Users\Kalle\AppData\Local\Temp\ccEEiZ32.s:67     .text._put_char:000000000000003a .LCFI1
C:\Users\Kalle\AppData\Local\Temp\ccEEiZ32.s:18     .text._put_char:0000000000000000 .LVL0
C:\Users\Kalle\AppData\Local\Temp\ccEEiZ32.s:37     .text._put_char:0000000000000014 .LVL1
C:\Users\Kalle\AppData\Local\Temp\ccEEiZ32.s:65     .text._put_char:0000000000000038 .LVL4
C:\Users\Kalle\AppData\Local\Temp\ccEEiZ32.s:87     .debug_info:0000000000000000 .Ldebug_info0

UNDEFINED SYMBOLS
usart_data_transmit
usart_flag_get
